Couldn't import dot_parser, loading of dot files will not be possible.
nkerns =  [16 32 48 64] (4,)
validation set =  100000
... building the model
layer0_input =  (50, 4, 21, 21)
layer0 (filter)(pool)=  (16, 4, 4, 4) (2, 2)
output =  12
layer1 (filter)(pool) =  (32, 16, 3, 3) (2, 2)
output=  7
layer2 (filter)(pool) =  (48, 32, 3, 3) (2, 2)
output=  5
Hidden units:  64
Dropout ON
... training
--> train minibatch error =  0.52
-->  0 50 chunk_10_50000.pkl
--> train minibatch error =  0.48
-->  0 100 chunk_10_50000.pkl
--> train minibatch error =  0.4
-->  0 150 chunk_10_50000.pkl
--> train minibatch error =  0.52
-->  0 200 chunk_10_50000.pkl
--> train minibatch error =  0.54
-->  0 250 chunk_10_50000.pkl
--> train minibatch error =  0.5
-->  0 300 chunk_10_50000.pkl
--> train minibatch error =  0.44
-->  0 350 chunk_10_50000.pkl
--> train minibatch error =  0.44
-->  0 400 chunk_10_50000.pkl
--> train minibatch error =  0.28
-->  0 450 chunk_10_50000.pkl
--> train minibatch error =  0.3
-->  0 500 chunk_10_50000.pkl
--> train minibatch error =  0.56
-->  0 550 chunk_10_50000.pkl
--> train minibatch error =  0.28
-->  0 600 chunk_10_50000.pkl
--> train minibatch error =  0.54
-->  0 650 chunk_10_50000.pkl
--> train minibatch error =  0.4
-->  0 700 chunk_10_50000.pkl
--> train minibatch error =  0.38
-->  0 750 chunk_10_50000.pkl
--> train minibatch error =  0.54
-->  0 850 chunk_10_50000.pkl
--> train minibatch error =  0.42
-->  0 900 chunk_10_50000.pkl
--> train minibatch error =  0.18
-->  0 950 chunk_10_50000.pkl
--> train minibatch error =  0.34
-->  0 1000 chunk_10_50000.pkl
--> train minibatch error =  0.38
-->  0 1050 chunk_10_50000.pkl
--> train minibatch error =  0.44
-->  0 1100 chunk_10_50000.pkl
--> train minibatch error =  0.22
-->  0 1150 chunk_10_50000.pkl
--> train minibatch error =  0.34
-->  0 1250 chunk_10_50000.pkl
--> train minibatch error =  0.28
-->  0 1300 chunk_10_50000.pkl
--> train minibatch error =  0.3
-->  0 1350 chunk_10_50000.pkl
--> train minibatch error =  0.28
-->  0 1400 chunk_10_50000.pkl
--> train minibatch error =  0.3
-->  0 1450 chunk_10_50000.pkl
--> train minibatch error =  0.4
-->  0 1500 chunk_10_50000.pkl
--> train minibatch error =  0.52
-->  0 1550 chunk_10_50000.pkl
--> train minibatch error =  0.48
-->  0 1600 chunk_10_50000.pkl
--> train minibatch error =  0.34
-->  0 1650 chunk_10_50000.pkl
--> train minibatch error =  0.2
-->  0 1700 chunk_10_50000.pkl
--> train minibatch error =  0.44
-->  0 1750 chunk_10_50000.pkl
--> train minibatch error =  0.34
-->  0 1800 chunk_10_50000.pkl
--> train minibatch error =  0.2
-->  0 1850 chunk_10_50000.pkl
--> train minibatch error =  0.32
-->  0 1900 chunk_10_50000.pkl
--> train minibatch error =  0.2
-->  0 1950 chunk_10_50000.pkl
--> train minibatch error =  0.56
-->  0 2000 chunk_10_50000.pkl
--> train minibatch error =  0.52
-->  0 2050 chunk_10_50000.pkl
--> train minibatch error =  0.26
-->  0 2100 chunk_10_50000.pkl
--> train minibatch error =  0.4
-->  0 2150 chunk_10_50000.pkl
--> train minibatch error =  0.2
-->  0 2200 chunk_10_50000.pkl
--> train minibatch error =  0.26
-->  0 2250 chunk_10_50000.pkl
--> train minibatch error =  0.24
-->  0 2300 chunk_10_50000.pkl
--> train minibatch error =  0.12
-->  0 2350 chunk_10_50000.pkl
--> train minibatch error =  0.36
-->  0 2400 chunk_10_50000.pkl
--> train minibatch error =  0.22
-->  0 2450 chunk_10_50000.pkl
--> train minibatch error =  0.28
-->  0 2500 chunk_10_50000.pkl
--> train minibatch error =  0.18
-->  0 2550 chunk_10_50000.pkl
--> train minibatch error =  0.36
-->  0 2600 chunk_10_50000.pkl
--> train minibatch error =  0.12
-->  0 2700 chunk_10_50000.pkl
--> train minibatch error =  0.42
-->  0 2750 chunk_10_50000.pkl
--> train minibatch error =  0.16
-->  0 2800 chunk_10_50000.pkl
--> train minibatch error =  0.54
-->  0 2900 chunk_10_50000.pkl
--> train minibatch error =  0.12
-->  0 2950 chunk_10_50000.pkl
--> train minibatch error =  0.46
-->  0 3000 chunk_10_50000.pkl
--> train minibatch error =  0.36
-->  0 3050 chunk_10_50000.pkl
--> train minibatch error =  0.42
-->  0 3100 chunk_10_50000.pkl
--> train minibatch error =  0.52
-->  0 3150 chunk_10_50000.pkl
--> train minibatch error =  0.54
-->  0 3200 chunk_10_50000.pkl
--> train minibatch error =  0.46
-->  0 3250 chunk_10_50000.pkl
--> train minibatch error =  0.22
-->  0 3300 chunk_10_50000.pkl
--> train minibatch error =  0.3
-->  0 3400 chunk_10_50000.pkl
--> train minibatch error =  0.36
-->  0 3450 chunk_10_50000.pkl
--> train minibatch error =  0.36
-->  0 3500 chunk_10_50000.pkl
--> train minibatch error =  0.24
-->  0 3550 chunk_10_50000.pkl
--> train minibatch error =  0.18
-->  0 3600 chunk_10_50000.pkl
--> train minibatch error =  0.18
-->  0 3800 chunk_10_50000.pkl
--> train minibatch error =  0.34
-->  0 3850 chunk_10_50000.pkl
--> train minibatch error =  0.2
-->  0 3900 chunk_10_50000.pkl
--> train minibatch error =  0.4
-->  0 3950 chunk_10_50000.pkl
--> train minibatch error =  0.54
-->  0 4000 chunk_10_50000.pkl
--> train minibatch error =  0.42
-->  0 4050 chunk_10_50000.pkl
--> train minibatch error =  0.5
-->  0 4100 chunk_10_50000.pkl
--> train minibatch error =  0.42
-->  0 4150 chunk_10_50000.pkl
--> train minibatch error =  0.22
-->  0 4200 chunk_10_50000.pkl
--> train minibatch error =  0.24
-->  0 4250 chunk_10_50000.pkl
--> train minibatch error =  0.14
-->  0 4300 chunk_10_50000.pkl
--> train minibatch error =  0.18
-->  0 4400 chunk_10_50000.pkl
--> train minibatch error =  0.18
-->  0 4450 chunk_10_50000.pkl
--> train minibatch error =  0.12
-->  0 4500 chunk_10_50000.pkl
--> train minibatch error =  0.22
-->  0 4550 chunk_10_50000.pkl
--> train minibatch error =  0.2
-->  0 4600 chunk_10_50000.pkl
--> train minibatch error =  0.28
-->  0 4650 chunk_10_50000.pkl
--> train minibatch error =  0.2
-->  0 4700 chunk_10_50000.pkl
--> train minibatch error =  0.12
-->  0 4750 chunk_10_50000.pkl
--> train minibatch error =  0.16
-->  0 4900 chunk_10_50000.pkl
--> train minibatch error =  0.42
-->  0 4950 chunk_10_50000.pkl
training @ iter =  100 , cost =  0.469350457191
--> train minibatch error =  0.12
-->  0 5000 chunk_10_50000.pkl
--> train minibatch error =  0.28
-->  0 5250 chunk_10_50000.pkl
--> train minibatch error =  0.14
-->  0 5300 chunk_10_50000.pkl
--> train minibatch error =  0.2
-->  0 5350 chunk_10_50000.pkl
--> train minibatch error =  0.3
-->  0 5400 chunk_10_50000.pkl
--> train minibatch error =  0.14
-->  0 5450 chunk_10_50000.pkl
--> train minibatch error =  0.18
-->  0 5500 chunk_10_50000.pkl
--> train minibatch error =  0.46
-->  0 5550 chunk_10_50000.pkl
--> train minibatch error =  0.14
-->  0 5600 chunk_10_50000.pkl
--> train minibatch error =  0.24
-->  0 5650 chunk_10_50000.pkl
--> train minibatch error =  0.2
-->  0 5700 chunk_10_50000.pkl
--> train minibatch error =  0.22
-->  0 5800 chunk_10_50000.pkl
--> train minibatch error =  0.22
-->  0 5850 chunk_10_50000.pkl
--> train minibatch error =  0.16
-->  0 5900 chunk_10_50000.pkl
--> train minibatch error =  0.3
-->  0 5950 chunk_10_50000.pkl
--> train minibatch error =  0.42
-->  0 6000 chunk_10_50000.pkl
--> train minibatch error =  0.16
-->  0 6450 chunk_10_50000.pkl
--> train minibatch error =  0.18
-->  0 6500 chunk_10_50000.pkl
--> train minibatch error =  0.28
-->  0 6550 chunk_10_50000.pkl
--> train minibatch error =  0.34
-->  0 6600 chunk_10_50000.pkl
--> train minibatch error =  0.12
-->  0 6650 chunk_10_50000.pkl
--> train minibatch error =  0.38
-->  0 6700 chunk_10_50000.pkl
--> train minibatch error =  0.4
-->  0 6750 chunk_10_50000.pkl
--> train minibatch error =  0.28
-->  0 6800 chunk_10_50000.pkl
--> train minibatch error =  0.16
-->  0 6900 chunk_10_50000.pkl
--> train minibatch error =  0.26
-->  0 7100 chunk_10_50000.pkl
--> train minibatch error =  0.12
-->  0 7150 chunk_10_50000.pkl
--> train minibatch error =  0.2
-->  0 7200 chunk_10_50000.pkl
--> train minibatch error =  0.12
-->  0 7250 chunk_10_50000.pkl
--> train minibatch error =  0.24
-->  0 7350 chunk_10_50000.pkl
--> train minibatch error =  0.18
-->  0 7400 chunk_10_50000.pkl
--> train minibatch error =  0.24
-->  0 7500 chunk_10_50000.pkl
--> train minibatch error =  0.12
-->  0 7550 chunk_10_50000.pkl
--> train minibatch error =  0.16
-->  0 7850 chunk_10_50000.pkl
--> train minibatch error =  0.16
-->  0 8000 chunk_10_50000.pkl
--> train minibatch error =  0.16
-->  0 8050 chunk_10_50000.pkl
--> train minibatch error =  0.2
-->  0 8150 chunk_10_50000.pkl
--> train minibatch error =  0.12
-->  0 8250 chunk_10_50000.pkl
--> train minibatch error =  0.22
-->  0 8300 chunk_10_50000.pkl
--> train minibatch error =  0.14
-->  0 8350 chunk_10_50000.pkl
--> train minibatch error =  0.14
-->  0 8450 chunk_10_50000.pkl
--> train minibatch error =  0.28
-->  0 8500 chunk_10_50000.pkl
--> train minibatch error =  0.24
-->  0 8600 chunk_10_50000.pkl
--> train minibatch error =  0.12
-->  0 8650 chunk_10_50000.pkl
--> train minibatch error =  0.14
-->  0 8950 chunk_10_50000.pkl
--> train minibatch error =  0.12
-->  0 9200 chunk_10_50000.pkl
--> train minibatch error =  0.34
-->  0 9300 chunk_10_50000.pkl
--> train minibatch error =  0.32
-->  0 9350 chunk_10_50000.pkl
--> train minibatch error =  0.12
-->  0 9400 chunk_10_50000.pkl
--> train minibatch error =  0.14
-->  0 9450 chunk_10_50000.pkl
--> train minibatch error =  0.26
-->  0 9500 chunk_10_50000.pkl
--> train minibatch error =  0.32
-->  0 9650 chunk_10_50000.pkl
--> train minibatch error =  0.2
-->  0 9850 chunk_10_50000.pkl
--> train minibatch error =  0.28
-->  0 9900 chunk_10_50000.pkl
--> train minibatch error =  0.2
-->  0 9950 chunk_10_50000.pkl
training @ iter =  200 , cost =  0.202800229192
--> train minibatch error =  0.12
-->  0 10150 chunk_10_50000.pkl
--> train minibatch error =  0.24
-->  0 10250 chunk_10_50000.pkl
--> train minibatch error =  0.22
-->  0 10400 chunk_10_50000.pkl
--> train minibatch error =  0.12
-->  0 10650 chunk_10_50000.pkl
--> train minibatch error =  0.12
-->  0 10700 chunk_10_50000.pkl
--> train minibatch error =  0.2
-->  0 10850 chunk_10_50000.pkl
--> train minibatch error =  0.14
-->  0 10900 chunk_10_50000.pkl
--> train minibatch error =  0.14
-->  0 11000 chunk_10_50000.pkl
--> train minibatch error =  0.12
-->  0 11300 chunk_10_50000.pkl
--> train minibatch error =  0.16
-->  0 11650 chunk_10_50000.pkl
--> train minibatch error =  0.14
-->  0 11900 chunk_10_50000.pkl
--> train minibatch error =  0.12
-->  0 12000 chunk_10_50000.pkl
--> train minibatch error =  0.12
-->  0 12300 chunk_10_50000.pkl
--> train minibatch error =  0.12
-->  0 13200 chunk_10_50000.pkl
--> train minibatch error =  0.2
-->  0 13300 chunk_10_50000.pkl
--> train minibatch error =  0.14
-->  0 13350 chunk_10_50000.pkl
--> train minibatch error =  0.12
-->  0 13450 chunk_10_50000.pkl
--> train minibatch error =  0.14
-->  0 13950 chunk_10_50000.pkl
--> train minibatch error =  0.18
-->  0 14450 chunk_10_50000.pkl
--> train minibatch error =  0.12
-->  0 14500 chunk_10_50000.pkl
--> train minibatch error =  0.14
-->  0 14750 chunk_10_50000.pkl
--> train minibatch error =  0.14
-->  0 14850 chunk_10_50000.pkl
training @ iter =  300 , cost =  0.175361335278
--> train minibatch error =  0.28
-->  0 15500 chunk_10_50000.pkl
--> train minibatch error =  0.36
-->  0 15600 chunk_10_50000.pkl
--> train minibatch error =  0.28
-->  0 15650 chunk_10_50000.pkl
--> train minibatch error =  0.18
-->  0 15800 chunk_10_50000.pkl
--> train minibatch error =  0.22
-->  0 15950 chunk_10_50000.pkl
--> train minibatch error =  0.16
-->  0 16000 chunk_10_50000.pkl
--> train minibatch error =  0.2
-->  0 16100 chunk_10_50000.pkl
--> train minibatch error =  0.12
-->  0 16200 chunk_10_50000.pkl
--> train minibatch error =  0.12
-->  0 16250 chunk_10_50000.pkl
--> train minibatch error =  0.24
-->  0 16350 chunk_10_50000.pkl
--> train minibatch error =  0.16
-->  0 16400 chunk_10_50000.pkl
--> train minibatch error =  0.12
-->  0 16550 chunk_10_50000.pkl
--> train minibatch error =  0.32
-->  0 16650 chunk_10_50000.pkl
--> train minibatch error =  0.18
-->  0 16700 chunk_10_50000.pkl
--> train minibatch error =  0.14
-->  0 16850 chunk_10_50000.pkl
--> train minibatch error =  0.12
-->  0 16950 chunk_10_50000.pkl
--> train minibatch error =  0.12
-->  0 17100 chunk_10_50000.pkl
--> train minibatch error =  0.12
-->  0 17550 chunk_10_50000.pkl
--> train minibatch error =  0.14
-->  0 17800 chunk_10_50000.pkl
--> train minibatch error =  0.22
-->  0 18550 chunk_10_50000.pkl
--> train minibatch error =  0.16
-->  0 18600 chunk_10_50000.pkl
--> train minibatch error =  0.12
-->  0 18750 chunk_10_50000.pkl
--> train minibatch error =  0.12
-->  0 19650 chunk_10_50000.pkl
training @ iter =  400 , cost =  0.215929210186
--> train minibatch error =  0.14
-->  0 20300 chunk_10_50000.pkl
--> train minibatch error =  0.14
-->  0 20350 chunk_10_50000.pkl
--> train minibatch error =  0.12
-->  0 20800 chunk_10_50000.pkl
--> train minibatch error =  0.14
-->  0 20900 chunk_10_50000.pkl
--> train minibatch error =  0.14
-->  0 23950 chunk_10_50000.pkl
training @ iter =  500 , cost =  0.046008862555
--> train minibatch error =  0.18
-->  0 26500 chunk_10_50000.pkl
--> train minibatch error =  0.14
-->  0 28900 chunk_10_50000.pkl
--> train minibatch error =  0.12
-->  0 28950 chunk_10_50000.pkl
training @ iter =  600 , cost =  0.189948841929
--> train minibatch error =  0.16
-->  0 31200 chunk_10_50000.pkl
--> train minibatch error =  0.42
-->  0 31700 chunk_10_50000.pkl
--> train minibatch error =  0.22
-->  0 31800 chunk_10_50000.pkl
--> train minibatch error =  0.2
-->  0 31900 chunk_10_50000.pkl
--> train minibatch error =  0.12
-->  0 32000 chunk_10_50000.pkl
--> train minibatch error =  0.12
-->  0 32600 chunk_10_50000.pkl
--> train minibatch error =  0.14
-->  0 32750 chunk_10_50000.pkl
--> train minibatch error =  0.14
-->  0 32950 chunk_10_50000.pkl
--> train minibatch error =  0.16
-->  0 33600 chunk_10_50000.pkl
--> train minibatch error =  0.18
-->  0 34450 chunk_10_50000.pkl
--> train minibatch error =  0.2
-->  0 34750 chunk_10_50000.pkl
training @ iter =  700 , cost =  0.0796466991305
--> train minibatch error =  0.12
-->  0 35450 chunk_10_50000.pkl
--> train minibatch error =  0.18
-->  0 38600 chunk_10_50000.pkl
--> train minibatch error =  0.14
-->  0 38650 chunk_10_50000.pkl
--> train minibatch error =  0.12
-->  0 38700 chunk_10_50000.pkl
--> train minibatch error =  0.14
-->  0 38800 chunk_10_50000.pkl
training @ iter =  800 , cost =  0.0811597928405
--> train minibatch error =  0.18
-->  0 40650 chunk_10_50000.pkl
--> train minibatch error =  0.14
-->  0 42100 chunk_10_50000.pkl
--> train minibatch error =  0.22
-->  0 43250 chunk_10_50000.pkl
--> train minibatch error =  0.18
-->  0 43300 chunk_10_50000.pkl
--> train minibatch error =  0.18
-->  0 43350 chunk_10_50000.pkl
--> train minibatch error =  0.18
-->  0 43850 chunk_10_50000.pkl
--> train minibatch error =  0.16
-->  0 44000 chunk_10_50000.pkl
training @ iter =  900 , cost =  0.122780926526
--> train minibatch error =  0.12
-->  0 46450 chunk_10_50000.pkl
training @ iter =  1000 , cost =  0.0128543460742
--> train minibatch error =  0.18
-->  1 750 chunk_11_50000.pkl
--> train minibatch error =  0.12
-->  1 1750 chunk_11_50000.pkl
training @ iter =  1100 , cost =  0.0647895634174
--> train minibatch error =  0.3
-->  1 5450 chunk_11_50000.pkl
--> train minibatch error =  0.38
-->  1 5500 chunk_11_50000.pkl
--> train minibatch error =  0.18
-->  1 5600 chunk_11_50000.pkl
--> train minibatch error =  0.14
-->  1 5650 chunk_11_50000.pkl
--> train minibatch error =  0.14
-->  1 5900 chunk_11_50000.pkl
--> train minibatch error =  0.22
-->  1 5950 chunk_11_50000.pkl
--> train minibatch error =  0.12
-->  1 9350 chunk_11_50000.pkl
training @ iter =  1200 , cost =  0.0462870113552
training @ iter =  1300 , cost =  0.0800489038229
--> train minibatch error =  0.12
-->  1 16150 chunk_11_50000.pkl
training @ iter =  1400 , cost =  0.014193999581
training @ iter =  1500 , cost =  0.0447283238173
training @ iter =  1600 , cost =  0.0330542623997
--> train minibatch error =  0.14
-->  1 34250 chunk_11_50000.pkl
training @ iter =  1700 , cost =  0.0308239404112
--> train minibatch error =  0.12
-->  1 35350 chunk_11_50000.pkl
--> train minibatch error =  0.24
-->  1 35450 chunk_11_50000.pkl
--> train minibatch error =  0.12
-->  1 39400 chunk_11_50000.pkl
--> train minibatch error =  0.14
-->  1 39800 chunk_11_50000.pkl
training @ iter =  1800 , cost =  0.0958146080375
training @ iter =  1900 , cost =  0.0952481180429
iter  1999  validation
epoch 1, iter 2000, validation error 1.640000 %
epoch 1, iter 2000, train minibatch error 0.000000 %
epoch 1, iter 2000, train buffer error 1.200000 %
patience =  50000 0.99 3998
training @ iter =  2000 , cost =  0.0187800601125
--> train minibatch error =  0.12
-->  2 3750 chunk_12_50000.pkl
training @ iter =  2100 , cost =  0.0308171678334
--> train minibatch error =  0.12
-->  2 5050 chunk_12_50000.pkl
--> train minibatch error =  0.14
-->  2 6450 chunk_12_50000.pkl
--> train minibatch error =  0.14
-->  2 6500 chunk_12_50000.pkl
--> train minibatch error =  0.24
-->  2 6550 chunk_12_50000.pkl
--> train minibatch error =  0.34
-->  2 6600 chunk_12_50000.pkl
--> train minibatch error =  0.16
-->  2 6650 chunk_12_50000.pkl
--> train minibatch error =  0.14
-->  2 7150 chunk_12_50000.pkl
training @ iter =  2200 , cost =  0.0279913619161
training @ iter =  2300 , cost =  0.00360947661102
--> train minibatch error =  0.12
-->  2 18750 chunk_12_50000.pkl
training @ iter =  2400 , cost =  0.126762613654
training @ iter =  2500 , cost =  0.0804598629475
--> train minibatch error =  0.14
-->  2 29300 chunk_12_50000.pkl
training @ iter =  2600 , cost =  0.0645130798221
--> train minibatch error =  0.16
-->  2 34850 chunk_12_50000.pkl
training @ iter =  2700 , cost =  0.106896966696
training @ iter =  2800 , cost =  0.0339617244899
training @ iter =  2900 , cost =  0.233509749174
training @ iter =  3000 , cost =  0.29287609458
training @ iter =  3100 , cost =  0.0365513078868
training @ iter =  3200 , cost =  0.0580401197076
--> train minibatch error =  0.14
-->  3 10200 chunk_13_50000.pkl
--> train minibatch error =  0.16
-->  3 10250 chunk_13_50000.pkl
--> train minibatch error =  0.52
-->  3 10300 chunk_13_50000.pkl
--> train minibatch error =  0.38
-->  3 10350 chunk_13_50000.pkl
--> train minibatch error =  0.24
-->  3 10750 chunk_13_50000.pkl
--> train minibatch error =  0.16
-->  3 10900 chunk_13_50000.pkl
--> train minibatch error =  0.2
-->  3 11000 chunk_13_50000.pkl
training @ iter =  3300 , cost =  0.0224997401237
--> train minibatch error =  0.12
-->  3 16450 chunk_13_50000.pkl
--> train minibatch error =  0.16
-->  3 18350 chunk_13_50000.pkl
--> train minibatch error =  0.26
-->  3 18450 chunk_13_50000.pkl
--> train minibatch error =  0.12
-->  3 18500 chunk_13_50000.pkl
--> train minibatch error =  0.2
-->  3 18900 chunk_13_50000.pkl
training @ iter =  3400 , cost =  0.0427180752158
--> train minibatch error =  0.32
-->  3 23250 chunk_13_50000.pkl
--> train minibatch error =  0.26
-->  3 23300 chunk_13_50000.pkl
--> train minibatch error =  0.22
-->  3 24250 chunk_13_50000.pkl
training @ iter =  3500 , cost =  0.0114343976602
--> train minibatch error =  0.18
-->  3 27500 chunk_13_50000.pkl
--> train minibatch error =  0.28
-->  3 27600 chunk_13_50000.pkl
training @ iter =  3600 , cost =  0.0241665299982
--> train minibatch error =  0.12
-->  3 33450 chunk_13_50000.pkl
--> train minibatch error =  0.16
-->  3 34000 chunk_13_50000.pkl
training @ iter =  3700 , cost =  0.0121062779799
training @ iter =  3800 , cost =  0.017000829801
training @ iter =  3900 , cost =  0.107768647373
iter  3999  validation
epoch 1, iter 4000, validation error 1.606000 %
epoch 1, iter 4000, train minibatch error 6.000000 %
epoch 1, iter 4000, train buffer error 1.200000 %
patience =  50000 0.99 7998
training @ iter =  4000 , cost =  0.431506127119
--> train minibatch error =  0.14
-->  4 0 chunk_14_50000.pkl
--> train minibatch error =  0.12
-->  4 100 chunk_14_50000.pkl
training @ iter =  4100 , cost =  0.0155011666939
training @ iter =  4200 , cost =  0.00903254002333
training @ iter =  4300 , cost =  0.0250180624425
training @ iter =  4400 , cost =  0.212700039148
training @ iter =  4500 , cost =  0.00878375675529
--> train minibatch error =  0.16
-->  4 26500 chunk_14_50000.pkl
training @ iter =  4600 , cost =  0.0104114376009
training @ iter =  4700 , cost =  0.00764979887754
--> train minibatch error =  0.2
-->  4 36550 chunk_14_50000.pkl
--> train minibatch error =  0.14
-->  4 36600 chunk_14_50000.pkl
training @ iter =  4800 , cost =  0.167422071099
training @ iter =  4900 , cost =  0.0124661419541
--> train minibatch error =  0.14
-->  4 46200 chunk_14_50000.pkl
training @ iter =  5000 , cost =  0.035076007247
training @ iter =  5100 , cost =  0.0485258586705
training @ iter =  5200 , cost =  0.00629288190976
--> train minibatch error =  0.14
-->  5 12400 chunk_15_50000.pkl
training @ iter =  5300 , cost =  0.0117151606828
training @ iter =  5400 , cost =  0.057375703007
--> train minibatch error =  0.12
-->  5 23350 chunk_15_50000.pkl
--> train minibatch error =  0.44
-->  5 23450 chunk_15_50000.pkl
training @ iter =  5500 , cost =  0.0196056365967
training @ iter =  5600 , cost =  0.0179123878479
training @ iter =  5700 , cost =  0.0150707690045
--> train minibatch error =  0.12
-->  5 38300 chunk_15_50000.pkl
training @ iter =  5800 , cost =  0.00135843455791
training @ iter =  5900 , cost =  0.0709040388465
iter  5999  validation
epoch 1, iter 6000, validation error 1.293000 %
epoch 1, iter 6000, train minibatch error 0.000000 %
epoch 1, iter 6000, train buffer error 0.900000 %
patience =  50000 0.99 11998
training @ iter =  6000 , cost =  0.0020446581766
--> train minibatch error =  0.12
-->  6 2750 chunk_16_50000.pkl
training @ iter =  6100 , cost =  0.180369630456
training @ iter =  6200 , cost =  0.00435967743397
--> train minibatch error =  0.12
-->  6 10100 chunk_16_50000.pkl
--> train minibatch error =  0.2
-->  6 10200 chunk_16_50000.pkl
--> train minibatch error =  0.12
-->  6 10250 chunk_16_50000.pkl
training @ iter =  6300 , cost =  0.0990243926644
training @ iter =  6400 , cost =  0.00853416603059
training @ iter =  6500 , cost =  0.039970587939
training @ iter =  6600 , cost =  0.0112271765247
training @ iter =  6700 , cost =  0.0507881008089
training @ iter =  6800 , cost =  0.00400940515101
training @ iter =  6900 , cost =  0.0117504252121
training @ iter =  7000 , cost =  0.0491812117398
training @ iter =  7100 , cost =  0.0274281222373
training @ iter =  7200 , cost =  0.00546516664326
training @ iter =  7300 , cost =  0.0992069318891
training @ iter =  7400 , cost =  0.113755904138
training @ iter =  7500 , cost =  0.0850866809487
training @ iter =  7600 , cost =  0.00182481098454
--> train minibatch error =  0.2
-->  7 33350 chunk_17_50000.pkl
--> train minibatch error =  0.22
-->  7 33450 chunk_17_50000.pkl
--> train minibatch error =  0.12
-->  7 34450 chunk_17_50000.pkl
training @ iter =  7700 , cost =  0.0307493638247
training @ iter =  7800 , cost =  0.0545922070742
--> train minibatch error =  0.16
-->  7 44700 chunk_17_50000.pkl
training @ iter =  7900 , cost =  0.00787324924022
--> train minibatch error =  0.14
-->  7 47350 chunk_17_50000.pkl
--> train minibatch error =  0.14
-->  7 47500 chunk_17_50000.pkl
iter  7999  validation
epoch 1, iter 8000, validation error 1.368000 %
epoch 1, iter 8000, train minibatch error 2.000000 %
epoch 1, iter 8000, train buffer error 0.400000 %
training @ iter =  8000 , cost =  0.0021353920456
--> train minibatch error =  0.16
-->  8 4750 chunk_18_50000.pkl
--> train minibatch error =  0.12
-->  8 4800 chunk_18_50000.pkl
training @ iter =  8100 , cost =  0.0849098563194
training @ iter =  8200 , cost =  0.00849884748459
training @ iter =  8300 , cost =  0.182409614325
training @ iter =  8400 , cost =  0.0131253646687
training @ iter =  8500 , cost =  0.0458771958947
training @ iter =  8600 , cost =  0.00297080818564
--> train minibatch error =  0.52
-->  8 30400 chunk_18_50000.pkl
--> train minibatch error =  0.46
-->  8 30450 chunk_18_50000.pkl
--> train minibatch error =  0.12
-->  8 30550 chunk_18_50000.pkl
--> train minibatch error =  0.12
-->  8 31250 chunk_18_50000.pkl
--> train minibatch error =  0.18
-->  8 33600 chunk_18_50000.pkl
training @ iter =  8700 , cost =  0.054139431566
--> train minibatch error =  0.16
-->  8 36250 chunk_18_50000.pkl
training @ iter =  8800 , cost =  0.0358953513205
--> train minibatch error =  0.12
-->  8 42600 chunk_18_50000.pkl
training @ iter =  8900 , cost =  0.0243873260915
training @ iter =  9000 , cost =  0.00955916754901
training @ iter =  9100 , cost =  0.0180228631943
training @ iter =  9200 , cost =  0.199087634683
training @ iter =  9300 , cost =  0.134634315968
training @ iter =  9400 , cost =  0.0177401956171
training @ iter =  9500 , cost =  0.00419481378049
--> train minibatch error =  0.14
-->  9 29850 chunk_19_50000.pkl
training @ iter =  9600 , cost =  0.255348861217
training @ iter =  9700 , cost =  0.00388680933975
--> train minibatch error =  0.12
-->  9 35350 chunk_19_50000.pkl
training @ iter =  9800 , cost =  0.0970091819763
training @ iter =  9900 , cost =  0.00236995564774
iter  9999  validation
epoch 1, iter 10000, validation error 1.291000 %
epoch 1, iter 10000, train minibatch error 0.000000 %
epoch 1, iter 10000, train buffer error 0.600000 %
training @ iter =  10000 , cost =  0.114054791629
training @ iter =  10100 , cost =  0.0435784570873
--> train minibatch error =  0.18
-->  10 9100 chunk_20_50000.pkl
--> train minibatch error =  0.14
-->  10 9150 chunk_20_50000.pkl
training @ iter =  10200 , cost =  0.00552584184334
--> train minibatch error =  0.12
-->  10 14500 chunk_20_50000.pkl
training @ iter =  10300 , cost =  0.1622941643
training @ iter =  10400 , cost =  0.012921769172
--> train minibatch error =  0.12
-->  10 23350 chunk_20_50000.pkl
training @ iter =  10500 , cost =  0.0857928916812
--> train minibatch error =  0.14
-->  10 25050 chunk_20_50000.pkl
training @ iter =  10600 , cost =  0.066709049046
training @ iter =  10700 , cost =  0.0441885851324
training @ iter =  10800 , cost =  0.0260742902756
training @ iter =  10900 , cost =  0.0024950474035
training @ iter =  11000 , cost =  0.00171429803595
training @ iter =  11100 , cost =  0.00983096659184
training @ iter =  11200 , cost =  0.0857180580497
training @ iter =  11300 , cost =  0.0394467264414
training @ iter =  11400 , cost =  0.038358669728
training @ iter =  11500 , cost =  0.139876291156
training @ iter =  11600 , cost =  0.152069717646
--> train minibatch error =  0.12
-->  11 30100 chunk_21_50000.pkl
--> train minibatch error =  0.34
-->  11 30200 chunk_21_50000.pkl
--> train minibatch error =  0.16
-->  11 30250 chunk_21_50000.pkl
--> train minibatch error =  0.26
-->  11 31550 chunk_21_50000.pkl
--> train minibatch error =  0.2
-->  11 31600 chunk_21_50000.pkl
--> train minibatch error =  0.14
-->  11 33200 chunk_21_50000.pkl
--> train minibatch error =  0.3
-->  11 33450 chunk_21_50000.pkl
--> train minibatch error =  0.4
-->  11 33500 chunk_21_50000.pkl
--> train minibatch error =  0.54
-->  11 33550 chunk_21_50000.pkl
training @ iter =  11700 , cost =  0.00700465263799
training @ iter =  11800 , cost =  0.0063531124033
--> train minibatch error =  0.12
-->  11 40750 chunk_21_50000.pkl
--> train minibatch error =  0.18
-->  11 41250 chunk_21_50000.pkl
--> train minibatch error =  0.14
-->  11 41400 chunk_21_50000.pkl
training @ iter =  11900 , cost =  0.0169902816415
iter  11999  validation
epoch 1, iter 12000, validation error 1.162000 %
epoch 1, iter 12000, train minibatch error 0.000000 %
epoch 1, iter 12000, train buffer error 0.700000 %
patience =  50000 0.99 23998
training @ iter =  12000 , cost =  0.00690804282203
--> train minibatch error =  0.14
-->  12 750 chunk_22_50000.pkl
--> train minibatch error =  0.2
-->  12 800 chunk_22_50000.pkl
--> train minibatch error =  0.24
-->  12 850 chunk_22_50000.pkl
training @ iter =  12100 , cost =  0.00257279444486
training @ iter =  12200 , cost =  0.00646421732381
training @ iter =  12300 , cost =  0.00404596887529
training @ iter =  12400 , cost =  0.0182353034616
training @ iter =  12500 , cost =  0.0116505809128
training @ iter =  12600 , cost =  0.0160410031676
training @ iter =  12700 , cost =  0.00475072488189
training @ iter =  12800 , cost =  0.00820944551378
training @ iter =  12900 , cost =  0.0698648616672
--> train minibatch error =  0.14
-->  12 47350 chunk_22_50000.pkl
training @ iter =  13000 , cost =  0.070263504982
training @ iter =  13100 , cost =  0.114252999425
--> train minibatch error =  0.14
-->  13 9800 chunk_23_50000.pkl
training @ iter =  13200 , cost =  0.0332349613309
training @ iter =  13300 , cost =  0.22772154212
training @ iter =  13400 , cost =  0.126390054822
--> train minibatch error =  0.14
-->  13 23900 chunk_23_50000.pkl
--> train minibatch error =  0.14
-->  13 24000 chunk_23_50000.pkl
training @ iter =  13500 , cost =  0.00179029558785
training @ iter =  13600 , cost =  0.0158432871103
training @ iter =  13700 , cost =  0.124274753034
training @ iter =  13800 , cost =  0.00476934947073
--> train minibatch error =  0.16
-->  13 40250 chunk_23_50000.pkl
training @ iter =  13900 , cost =  0.0147932525724
iter  13999  validation
epoch 1, iter 14000, validation error 1.105000 %
epoch 1, iter 14000, train minibatch error 0.000000 %
epoch 1, iter 14000, train buffer error 0.400000 %
patience =  50000 0.99 27998
training @ iter =  14000 , cost =  0.100039713085
--> train minibatch error =  0.14
-->  14 900 chunk_24_50000.pkl
training @ iter =  14100 , cost =  0.0561524443328
training @ iter =  14200 , cost =  0.0219406802207
training @ iter =  14300 , cost =  0.0028226217255
training @ iter =  14400 , cost =  0.0129354521632
training @ iter =  14500 , cost =  0.0765421688557
training @ iter =  14600 , cost =  0.156775921583
training @ iter =  14700 , cost =  0.011117159389
--> train minibatch error =  0.12
-->  14 36450 chunk_24_50000.pkl
training @ iter =  14800 , cost =  0.0113430609927
training @ iter =  14900 , cost =  0.0660850778222
training @ iter =  15000 , cost =  0.0214004795998
training @ iter =  15100 , cost =  0.00474671507254
training @ iter =  15200 , cost =  0.0649045780301
training @ iter =  15300 , cost =  0.00671606184915
training @ iter =  15400 , cost =  0.0798350423574
training @ iter =  15500 , cost =  0.00219546887092
training @ iter =  15600 , cost =  0.00582213280722
training @ iter =  15700 , cost =  0.0136413648725
training @ iter =  15800 , cost =  0.015712916851
training @ iter =  15900 , cost =  0.00201700185426
iter  15999  validation
epoch 1, iter 16000, validation error 1.242000 %
epoch 1, iter 16000, train minibatch error 4.000000 %
epoch 1, iter 16000, train buffer error 1.100000 %
training @ iter =  16000 , cost =  0.0547750815749
training @ iter =  16100 , cost =  0.0283196587116
training @ iter =  16200 , cost =  0.0993443131447
training @ iter =  16300 , cost =  0.0811674520373
training @ iter =  16400 , cost =  0.0822412222624
training @ iter =  16500 , cost =  0.00924706738442
training @ iter =  16600 , cost =  0.0248053018004
training @ iter =  16700 , cost =  0.0332893952727
training @ iter =  16800 , cost =  0.00335700064898
training @ iter =  16900 , cost =  0.111326567829
--> train minibatch error =  0.14
-->  16 49400 chunk_26_50000.pkl
training @ iter =  17000 , cost =  0.00550031010062
training @ iter =  17100 , cost =  0.0708711445332
training @ iter =  17200 , cost =  0.00555222155526
training @ iter =  17300 , cost =  0.00530153466389
training @ iter =  17400 , cost =  0.122627049685
training @ iter =  17500 , cost =  0.0438207276165
training @ iter =  17600 , cost =  0.131784081459
training @ iter =  17700 , cost =  0.0209939759225
training @ iter =  17800 , cost =  0.0383756533265
training @ iter =  17900 , cost =  0.170672222972
iter  17999  validation
epoch 1, iter 18000, validation error 1.037000 %
epoch 1, iter 18000, train minibatch error 0.000000 %
epoch 1, iter 18000, train buffer error 0.800000 %
patience =  50000 0.99 35998
training @ iter =  18000 , cost =  0.274026364088
training @ iter =  18100 , cost =  0.158486753702
training @ iter =  18200 , cost =  0.0298552270979
training @ iter =  18300 , cost =  0.0118892490864
training @ iter =  18400 , cost =  0.00441224500537
training @ iter =  18500 , cost =  0.0155861126259
training @ iter =  18600 , cost =  0.00189677951857
training @ iter =  18700 , cost =  0.00199218397029
ERROR:  /home/shared/Fields_12-2015/chunks_feat_50000/chunks_train/chunk_28_50000.pkl  has  4  candidates.
training @ iter =  18800 , cost =  0.00596899027005
--> train minibatch error =  0.12
-->  19 6150 chunk_4_50000.pkl
training @ iter =  18900 , cost =  0.00523212132975
--> train minibatch error =  0.14
-->  19 8950 chunk_4_50000.pkl
training @ iter =  19000 , cost =  0.00665128463879
training @ iter =  19100 , cost =  0.00861376803368
training @ iter =  19200 , cost =  0.121416032314
--> train minibatch error =  0.12
-->  19 25550 chunk_4_50000.pkl
training @ iter =  19300 , cost =  0.0565412342548
training @ iter =  19400 , cost =  0.00278907478787
