Couldn't import dot_parser, loading of dot files will not be possible.
validation set =  100000
... building the model
layer0_input =  (50, 16, 21, 21)
layer0 =  (20, 16, 5, 5) (3, 3)
maxpool_size1 =  5
... training
--> train error =  0.44
-->  0 50 chunk_10_50000.pkl
--> train error =  0.26
-->  0 100 chunk_10_50000.pkl
--> train error =  0.42
-->  0 150 chunk_10_50000.pkl
--> train error =  0.48
-->  0 200 chunk_10_50000.pkl
--> train error =  0.36
-->  0 250 chunk_10_50000.pkl
--> train error =  0.24
-->  0 300 chunk_10_50000.pkl
--> train error =  0.24
-->  0 400 chunk_10_50000.pkl
--> train error =  0.18
-->  0 450 chunk_10_50000.pkl
--> train error =  0.42
-->  0 500 chunk_10_50000.pkl
--> train error =  0.34
-->  0 550 chunk_10_50000.pkl
--> train error =  0.4
-->  0 600 chunk_10_50000.pkl
--> train error =  0.38
-->  0 650 chunk_10_50000.pkl
--> train error =  0.26
-->  0 800 chunk_10_50000.pkl
--> train error =  0.18
-->  0 1000 chunk_10_50000.pkl
--> train error =  0.18
-->  0 1050 chunk_10_50000.pkl
--> train error =  0.22
-->  0 1100 chunk_10_50000.pkl
--> train error =  0.36
-->  0 1150 chunk_10_50000.pkl
--> train error =  0.46
-->  0 1200 chunk_10_50000.pkl
--> train error =  0.42
-->  0 1250 chunk_10_50000.pkl
--> train error =  0.36
-->  0 1300 chunk_10_50000.pkl
--> train error =  0.14
-->  0 1450 chunk_10_50000.pkl
--> train error =  0.28
-->  0 1500 chunk_10_50000.pkl
--> train error =  0.36
-->  0 1550 chunk_10_50000.pkl
--> train error =  0.4
-->  0 1600 chunk_10_50000.pkl
--> train error =  0.12
-->  0 1650 chunk_10_50000.pkl
--> train error =  0.22
-->  0 1700 chunk_10_50000.pkl
--> train error =  0.38
-->  0 1750 chunk_10_50000.pkl
--> train error =  0.14
-->  0 1900 chunk_10_50000.pkl
--> train error =  0.22
-->  0 2100 chunk_10_50000.pkl
--> train error =  0.22
-->  0 2150 chunk_10_50000.pkl
--> train error =  0.18
-->  0 2200 chunk_10_50000.pkl
--> train error =  0.14
-->  0 2350 chunk_10_50000.pkl
--> train error =  0.12
-->  0 2450 chunk_10_50000.pkl
--> train error =  0.24
-->  0 3000 chunk_10_50000.pkl
--> train error =  0.34
-->  0 3050 chunk_10_50000.pkl
--> train error =  0.2
-->  0 3300 chunk_10_50000.pkl
--> train error =  0.16
-->  0 3850 chunk_10_50000.pkl
--> train error =  0.14
-->  0 3900 chunk_10_50000.pkl
--> train error =  0.4
-->  0 4050 chunk_10_50000.pkl
--> train error =  0.18
-->  0 4100 chunk_10_50000.pkl
--> train error =  0.32
-->  0 4150 chunk_10_50000.pkl
--> train error =  0.14
-->  0 4450 chunk_10_50000.pkl
--> train error =  0.26
-->  0 4500 chunk_10_50000.pkl
--> train error =  0.32
-->  0 4550 chunk_10_50000.pkl
--> train error =  0.2
-->  0 4600 chunk_10_50000.pkl
training @ iter =  100
--> train error =  0.2
-->  1 250 chunk_11_50000.pkl
--> train error =  0.32
-->  1 450 chunk_11_50000.pkl
--> train error =  0.2
-->  1 500 chunk_11_50000.pkl
--> train error =  0.24
-->  1 750 chunk_11_50000.pkl
--> train error =  0.3
-->  1 800 chunk_11_50000.pkl
--> train error =  0.4
-->  1 850 chunk_11_50000.pkl
--> train error =  0.46
-->  1 900 chunk_11_50000.pkl
--> train error =  0.48
-->  1 950 chunk_11_50000.pkl
--> train error =  0.2
-->  1 1750 chunk_11_50000.pkl
--> train error =  0.3
-->  1 2850 chunk_11_50000.pkl
--> train error =  0.28
-->  1 2900 chunk_11_50000.pkl
--> train error =  0.18
-->  1 2950 chunk_11_50000.pkl
--> train error =  0.12
-->  1 3000 chunk_11_50000.pkl
--> train error =  0.12
-->  1 3200 chunk_11_50000.pkl
--> train error =  0.18
-->  1 3350 chunk_11_50000.pkl
--> train error =  0.16
-->  1 3400 chunk_11_50000.pkl
--> train error =  0.2
-->  1 3450 chunk_11_50000.pkl
--> train error =  0.12
-->  1 3800 chunk_11_50000.pkl
training @ iter =  200
--> train error =  0.12
-->  2 200 chunk_12_50000.pkl
--> train error =  0.16
-->  2 250 chunk_12_50000.pkl
--> train error =  0.16
-->  2 300 chunk_12_50000.pkl
--> train error =  0.14
-->  2 900 chunk_12_50000.pkl
--> train error =  0.12
-->  2 1950 chunk_12_50000.pkl
--> train error =  0.18
-->  2 2450 chunk_12_50000.pkl
--> train error =  0.12
-->  2 3300 chunk_12_50000.pkl
training @ iter =  300
--> train error =  0.14
-->  3 100 chunk_13_50000.pkl
--> train error =  0.12
-->  3 3550 chunk_13_50000.pkl
--> train error =  0.18
-->  3 3700 chunk_13_50000.pkl
--> train error =  0.12
-->  3 3800 chunk_13_50000.pkl
--> train error =  0.26
-->  3 3850 chunk_13_50000.pkl
--> train error =  0.14
-->  3 3900 chunk_13_50000.pkl
--> train error =  0.28
-->  3 4000 chunk_13_50000.pkl
--> train error =  0.16
-->  3 4100 chunk_13_50000.pkl
--> train error =  0.2
-->  3 4150 chunk_13_50000.pkl
--> train error =  0.54
-->  3 4200 chunk_13_50000.pkl
--> train error =  0.24
-->  3 4300 chunk_13_50000.pkl
--> train error =  0.16
-->  3 4400 chunk_13_50000.pkl
--> train error =  0.12
-->  3 4450 chunk_13_50000.pkl
--> train error =  0.2
-->  3 4550 chunk_13_50000.pkl
--> train error =  0.22
-->  3 4600 chunk_13_50000.pkl
--> train error =  0.12
-->  3 4700 chunk_13_50000.pkl
--> train error =  0.12
-->  3 4750 chunk_13_50000.pkl
--> train error =  0.22
-->  3 4800 chunk_13_50000.pkl
--> train error =  0.3
-->  3 4850 chunk_13_50000.pkl
training @ iter =  400
--> train error =  0.18
-->  4 1050 chunk_14_50000.pkl
--> train error =  0.36
-->  4 4750 chunk_14_50000.pkl
--> train error =  0.16
-->  4 4800 chunk_14_50000.pkl
--> train error =  0.28
-->  4 4850 chunk_14_50000.pkl
--> train error =  0.3
-->  4 4900 chunk_14_50000.pkl
--> train error =  0.54
-->  4 4950 chunk_14_50000.pkl
training @ iter =  500
--> train error =  0.18
-->  5 0 chunk_15_50000.pkl
--> train error =  0.14
-->  5 650 chunk_15_50000.pkl
--> train error =  0.16
-->  5 2250 chunk_15_50000.pkl
training @ iter =  600
--> train error =  0.16
-->  6 1250 chunk_16_50000.pkl
--> train error =  0.32
-->  6 1350 chunk_16_50000.pkl
--> train error =  0.44
-->  6 1400 chunk_16_50000.pkl
--> train error =  0.3
-->  6 1500 chunk_16_50000.pkl
--> train error =  0.2
-->  6 1550 chunk_16_50000.pkl
--> train error =  0.14
-->  6 2250 chunk_16_50000.pkl
--> train error =  0.12
-->  6 2300 chunk_16_50000.pkl
--> train error =  0.14
-->  6 2800 chunk_16_50000.pkl
--> train error =  0.14
-->  6 4650 chunk_16_50000.pkl
--> train error =  0.22
-->  6 4700 chunk_16_50000.pkl
--> train error =  0.16
-->  6 4750 chunk_16_50000.pkl
training @ iter =  700
--> train error =  0.22
-->  7 200 chunk_17_50000.pkl
--> train error =  0.2
-->  7 500 chunk_17_50000.pkl
--> train error =  0.5
-->  7 1500 chunk_17_50000.pkl
--> train error =  0.5
-->  7 1550 chunk_17_50000.pkl
--> train error =  0.14
-->  7 1950 chunk_17_50000.pkl
--> train error =  0.14
-->  7 3200 chunk_17_50000.pkl
--> train error =  0.22
-->  7 3250 chunk_17_50000.pkl
--> train error =  0.16
-->  7 3550 chunk_17_50000.pkl
--> train error =  0.12
-->  7 3600 chunk_17_50000.pkl
--> train error =  0.28
-->  7 3650 chunk_17_50000.pkl
--> train error =  0.12
-->  7 4100 chunk_17_50000.pkl
--> train error =  0.14
-->  7 4600 chunk_17_50000.pkl
--> train error =  0.12
-->  7 4850 chunk_17_50000.pkl
training @ iter =  800
--> train error =  0.34
-->  8 50 chunk_18_50000.pkl
--> train error =  0.2
-->  8 100 chunk_18_50000.pkl
--> train error =  0.18
-->  8 450 chunk_18_50000.pkl
--> train error =  0.14
-->  8 500 chunk_18_50000.pkl
--> train error =  0.12
-->  8 650 chunk_18_50000.pkl
--> train error =  0.26
-->  8 700 chunk_18_50000.pkl
--> train error =  0.16
-->  8 750 chunk_18_50000.pkl
--> train error =  0.38
-->  8 800 chunk_18_50000.pkl
--> train error =  0.18
-->  8 850 chunk_18_50000.pkl
--> train error =  0.3
-->  8 1200 chunk_18_50000.pkl
--> train error =  0.16
-->  8 2200 chunk_18_50000.pkl
--> train error =  0.16
-->  8 2250 chunk_18_50000.pkl
training @ iter =  900
--> train error =  0.24
-->  9 0 chunk_19_50000.pkl
--> train error =  0.12
-->  9 150 chunk_19_50000.pkl
--> train error =  0.14
-->  9 1200 chunk_19_50000.pkl
--> train error =  0.36
-->  9 1250 chunk_19_50000.pkl
training @ iter =  1000
--> train error =  0.14
-->  10 1500 chunk_20_50000.pkl
--> train error =  0.48
-->  10 1550 chunk_20_50000.pkl
--> train error =  0.16
-->  10 1650 chunk_20_50000.pkl
training @ iter =  1100
training @ iter =  1200
--> train error =  0.14
-->  12 750 chunk_22_50000.pkl
--> train error =  0.22
-->  12 4950 chunk_22_50000.pkl
training @ iter =  1300
--> train error =  0.22
-->  13 50 chunk_23_50000.pkl
--> train error =  0.18
-->  13 200 chunk_23_50000.pkl
--> train error =  0.2
-->  13 250 chunk_23_50000.pkl
--> train error =  0.26
-->  13 350 chunk_23_50000.pkl
--> train error =  0.14
-->  13 2100 chunk_23_50000.pkl
--> train error =  0.3
-->  13 2150 chunk_23_50000.pkl
--> train error =  0.5
-->  13 2200 chunk_23_50000.pkl
--> train error =  0.18
-->  13 2450 chunk_23_50000.pkl
--> train error =  0.28
-->  13 2500 chunk_23_50000.pkl
--> train error =  0.4
-->  13 2550 chunk_23_50000.pkl
--> train error =  0.2
-->  13 2600 chunk_23_50000.pkl
--> train error =  0.2
-->  13 2650 chunk_23_50000.pkl
--> train error =  0.18
-->  13 4150 chunk_23_50000.pkl
--> train error =  0.22
-->  13 4450 chunk_23_50000.pkl
--> train error =  0.38
-->  13 4500 chunk_23_50000.pkl
--> train error =  0.42
-->  13 4550 chunk_23_50000.pkl
--> train error =  0.16
-->  13 4600 chunk_23_50000.pkl
training @ iter =  1400
--> train error =  0.4
-->  14 900 chunk_24_50000.pkl
--> train error =  0.26
-->  14 950 chunk_24_50000.pkl
--> train error =  0.14
-->  14 1850 chunk_24_50000.pkl
--> train error =  0.2
-->  14 3850 chunk_24_50000.pkl
training @ iter =  1500
--> train error =  0.34
-->  15 1000 chunk_25_50000.pkl
--> train error =  0.16
-->  15 1050 chunk_25_50000.pkl
--> train error =  0.34
-->  15 1100 chunk_25_50000.pkl
--> train error =  0.22
-->  15 1150 chunk_25_50000.pkl
--> train error =  0.12
-->  15 1700 chunk_25_50000.pkl
training @ iter =  1600
--> train error =  0.12
-->  16 2500 chunk_26_50000.pkl
--> train error =  0.5
-->  16 2550 chunk_26_50000.pkl
training @ iter =  1700
training @ iter =  1800
--> train error =  0.12
-->  18 2050 chunk_28_50000.pkl
training @ iter =  1900
--> train error =  0.16
-->  19 450 chunk_4_50000.pkl
iter  1999  validation
epoch 1, iter 2000, validation error 11.260000 %
epoch 1, iter 2000, train error 0.000000 %
patience =  50000 0.999 3998
FPR, FNR =  0.00617423804477 0.219132627845
training @ iter =  2000
--> train error =  0.28
-->  20 1650 chunk_5_50000.pkl
--> train error =  0.32
-->  20 1700 chunk_5_50000.pkl
--> train error =  0.5
-->  20 4650 chunk_5_50000.pkl
training @ iter =  2100
training @ iter =  2200
--> train error =  0.26
-->  22 4650 chunk_7_50000.pkl
--> train error =  0.46
-->  22 4700 chunk_7_50000.pkl
training @ iter =  2300
training @ iter =  2400
--> train error =  0.12
-->  24 150 chunk_9_50000.pkl
training @ iter =  2500
training @ iter =  2600
training @ iter =  2700
training @ iter =  2800
training @ iter =  2900
--> train error =  0.14
-->  4 4750 chunk_14_50000.pkl
--> train error =  0.16
-->  4 4800 chunk_14_50000.pkl
--> train error =  0.16
-->  4 4850 chunk_14_50000.pkl
--> train error =  0.18
-->  4 4900 chunk_14_50000.pkl
--> train error =  0.28
-->  4 4950 chunk_14_50000.pkl
training @ iter =  3000
training @ iter =  3100
training @ iter =  3200
--> train error =  0.38
-->  7 1500 chunk_17_50000.pkl
training @ iter =  3300
--> train error =  0.24
-->  8 50 chunk_18_50000.pkl
--> train error =  0.16
-->  8 100 chunk_18_50000.pkl
--> train error =  0.14
-->  8 4750 chunk_18_50000.pkl
training @ iter =  3400
--> train error =  0.14
-->  9 1200 chunk_19_50000.pkl
--> train error =  0.26
-->  9 1250 chunk_19_50000.pkl
training @ iter =  3500
--> train error =  0.14
-->  10 1500 chunk_20_50000.pkl
training @ iter =  3600
training @ iter =  3700
training @ iter =  3800
training @ iter =  3900
--> train error =  0.16
-->  14 900 chunk_24_50000.pkl
iter  3999  validation
epoch 1, iter 4000, validation error 2.020000 %
epoch 1, iter 4000, train error 0.000000 %
patience =  50000 0.999 7998
FPR, FNR =  0.0315345545858 0.00890690781176
training @ iter =  4000
--> train error =  0.16
-->  15 1000 chunk_25_50000.pkl
--> train error =  0.16
-->  15 1050 chunk_25_50000.pkl
--> train error =  0.32
-->  15 1100 chunk_25_50000.pkl
training @ iter =  4100
--> train error =  0.22
-->  16 2550 chunk_26_50000.pkl
training @ iter =  4200
training @ iter =  4300
training @ iter =  4400
--> train error =  0.12
-->  19 450 chunk_4_50000.pkl
training @ iter =  4500
--> train error =  0.38
-->  20 4650 chunk_5_50000.pkl
training @ iter =  4600
training @ iter =  4700
training @ iter =  4800
training @ iter =  4900
training @ iter =  5000
training @ iter =  5100
training @ iter =  5200
training @ iter =  5300
training @ iter =  5400
training @ iter =  5500
training @ iter =  5600
training @ iter =  5700
training @ iter =  5800
--> train error =  0.18
-->  8 4750 chunk_18_50000.pkl
training @ iter =  5900
--> train error =  0.14
-->  9 0 chunk_19_50000.pkl
--> train error =  0.12
-->  9 300 chunk_19_50000.pkl
--> train error =  0.14
-->  9 1200 chunk_19_50000.pkl
--> train error =  0.12
-->  9 3200 chunk_19_50000.pkl
iter  5999  validation
epoch 1, iter 6000, validation error 1.760000 %
epoch 1, iter 6000, train error 0.000000 %
patience =  50000 0.999 11998
FPR, FNR =  0.0258880538493 0.00923449262977
training @ iter =  6000
--> train error =  0.12
-->  10 1500 chunk_20_50000.pkl
training @ iter =  6100
training @ iter =  6200
training @ iter =  6300
--> train error =  0.12
-->  13 4550 chunk_23_50000.pkl
training @ iter =  6400
training @ iter =  6500
--> train error =  0.12
-->  15 1000 chunk_25_50000.pkl
training @ iter =  6600
training @ iter =  6700
training @ iter =  6800
training @ iter =  6900
training @ iter =  7000
--> train error =  0.18
-->  20 4650 chunk_5_50000.pkl
training @ iter =  7100
training @ iter =  7200
training @ iter =  7300
training @ iter =  7400
training @ iter =  7500
training @ iter =  7600
training @ iter =  7700
training @ iter =  7800
training @ iter =  7900
iter  7999  validation
epoch 1, iter 8000, validation error 1.370000 %
epoch 1, iter 8000, train error 0.000000 %
patience =  50000 0.999 15998
FPR, FNR =  0.0197786637768 0.00750377522781
training @ iter =  8000
training @ iter =  8100
training @ iter =  8200
training @ iter =  8300
--> train error =  0.18
-->  8 4750 chunk_18_50000.pkl
training @ iter =  8400
training @ iter =  8500
training @ iter =  8600
training @ iter =  8700
training @ iter =  8800
training @ iter =  8900
--> train error =  0.12
-->  14 900 chunk_24_50000.pkl
training @ iter =  9000
training @ iter =  9100
training @ iter =  9200
training @ iter =  9300
training @ iter =  9400
training @ iter =  9500
training @ iter =  9600
training @ iter =  9700
training @ iter =  9800
training @ iter =  9900
iter  9999  validation
epoch 1, iter 10000, validation error 1.720000 %
epoch 1, iter 10000, train error 0.000000 %
training @ iter =  10000
training @ iter =  10100
training @ iter =  10200
training @ iter =  10300
training @ iter =  10400
training @ iter =  10500
training @ iter =  10600
training @ iter =  10700
training @ iter =  10800
--> train error =  0.16
-->  8 4750 chunk_18_50000.pkl
training @ iter =  10900
training @ iter =  11000
training @ iter =  11100
training @ iter =  11200
training @ iter =  11300
training @ iter =  11400
training @ iter =  11500
training @ iter =  11600
training @ iter =  11700
training @ iter =  11800
training @ iter =  11900
iter  11999  validation
epoch 1, iter 12000, validation error 8.080000 %
epoch 1, iter 12000, train error 0.000000 %
training @ iter =  12000
training @ iter =  12100
training @ iter =  12200
training @ iter =  12300
training @ iter =  12400
training @ iter =  12500
training @ iter =  12600
training @ iter =  12700
training @ iter =  12800
training @ iter =  12900
training @ iter =  13000
training @ iter =  13100
training @ iter =  13200
training @ iter =  13300
--> train error =  0.16
-->  8 4750 chunk_18_50000.pkl
training @ iter =  13400
training @ iter =  13500
training @ iter =  13600
training @ iter =  13700
training @ iter =  13800
training @ iter =  13900
iter  13999  validation
epoch 1, iter 14000, validation error 1.600000 %
epoch 1, iter 14000, train error 0.000000 %
training @ iter =  14000
training @ iter =  14100
training @ iter =  14200
training @ iter =  14300
training @ iter =  14400
training @ iter =  14500
training @ iter =  14600
training @ iter =  14700
training @ iter =  14800
training @ iter =  14900
training @ iter =  15000
training @ iter =  15100
training @ iter =  15200
training @ iter =  15300
training @ iter =  15400
training @ iter =  15500
training @ iter =  15600
training @ iter =  15700
training @ iter =  15800
--> train error =  0.16
-->  8 4750 chunk_18_50000.pkl
training @ iter =  15900
--> train error =  0.16
-->  9 0 chunk_19_50000.pkl
iter  15999  validation
epoch 1, iter 16000, validation error 1.430000 %
epoch 1, iter 16000, train error 0.000000 %
training @ iter =  16000
training @ iter =  16100
training @ iter =  16200
training @ iter =  16300
training @ iter =  16400
training @ iter =  16500
training @ iter =  16600
training @ iter =  16700
training @ iter =  16800
training @ iter =  16900
training @ iter =  17000
training @ iter =  17100
training @ iter =  17200
training @ iter =  17300
training @ iter =  17400
training @ iter =  17500
training @ iter =  17600
training @ iter =  17700
training @ iter =  17800
training @ iter =  17900
iter  17999  validation
epoch 1, iter 18000, validation error 1.220000 %
epoch 1, iter 18000, train error 0.000000 %
patience =  50000 0.999 35998
FPR, FNR =  0.0171463082545 0.00724677862599
training @ iter =  18000
training @ iter =  18100
training @ iter =  18200
training @ iter =  18300
--> train error =  0.16
-->  8 4750 chunk_18_50000.pkl
training @ iter =  18400
--> train error =  0.22
-->  9 0 chunk_19_50000.pkl
training @ iter =  18500
training @ iter =  18600
training @ iter =  18700
training @ iter =  18800
training @ iter =  18900
training @ iter =  19000
training @ iter =  19100
training @ iter =  19200
training @ iter =  19300
training @ iter =  19400
training @ iter =  19500
training @ iter =  19600
training @ iter =  19700
training @ iter =  19800
training @ iter =  19900
iter  19999  validation
epoch 1, iter 20000, validation error 1.550000 %
epoch 1, iter 20000, train error 0.000000 %
training @ iter =  20000
training @ iter =  20100
training @ iter =  20200
training @ iter =  20300
training @ iter =  20400
training @ iter =  20500
training @ iter =  20600
training @ iter =  20700
training @ iter =  20800
--> train error =  0.12
-->  8 4750 chunk_18_50000.pkl
training @ iter =  20900
--> train error =  0.2
-->  9 0 chunk_19_50000.pkl
training @ iter =  21000
training @ iter =  21100
training @ iter =  21200
training @ iter =  21300
training @ iter =  21400
training @ iter =  21500
training @ iter =  21600
training @ iter =  21700
training @ iter =  21800
training @ iter =  21900
iter  21999  validation
epoch 1, iter 22000, validation error 5.950000 %
epoch 1, iter 22000, train error 0.000000 %
training @ iter =  22000
training @ iter =  22100
training @ iter =  22200
training @ iter =  22300
training @ iter =  22400
training @ iter =  22500
training @ iter =  22600
training @ iter =  22700
training @ iter =  22800
training @ iter =  22900
training @ iter =  23000
training @ iter =  23100
training @ iter =  23200
training @ iter =  23300
training @ iter =  23400
--> train error =  0.14
-->  9 0 chunk_19_50000.pkl
training @ iter =  23500
training @ iter =  23600
training @ iter =  23700
training @ iter =  23800
training @ iter =  23900
iter  23999  validation
epoch 1, iter 24000, validation error 1.550000 %
epoch 1, iter 24000, train error 0.000000 %
training @ iter =  24000
training @ iter =  24100
training @ iter =  24200
training @ iter =  24300
training @ iter =  24400
training @ iter =  24500
training @ iter =  24600
training @ iter =  24700
training @ iter =  24800
training @ iter =  24900
training @ iter =  25000
training @ iter =  25100
training @ iter =  25200
training @ iter =  25300
training @ iter =  25400
training @ iter =  25500
training @ iter =  25600
training @ iter =  25700
training @ iter =  25800
training @ iter =  25900
iter  25999  validation
epoch 1, iter 26000, validation error 1.530000 %
epoch 1, iter 26000, train error 0.000000 %
training @ iter =  26000
training @ iter =  26100
training @ iter =  26200
training @ iter =  26300
training @ iter =  26400
training @ iter =  26500
training @ iter =  26600
training @ iter =  26700
training @ iter =  26800
training @ iter =  26900
training @ iter =  27000
training @ iter =  27100
training @ iter =  27200
training @ iter =  27300
training @ iter =  27400
training @ iter =  27500
training @ iter =  27600
training @ iter =  27700
training @ iter =  27800
training @ iter =  27900
iter  27999  validation
epoch 1, iter 28000, validation error 1.180000 %
epoch 1, iter 28000, train error 0.000000 %
patience =  55998 0.999 55998
FPR, FNR =  0.0164239854366 0.00719305917621
training @ iter =  28000
training @ iter =  28100
training @ iter =  28200
training @ iter =  28300
training @ iter =  28400
training @ iter =  28500
training @ iter =  28600
training @ iter =  28700
training @ iter =  28800
training @ iter =  28900
training @ iter =  29000
training @ iter =  29100
training @ iter =  29200
training @ iter =  29300
training @ iter =  29400
training @ iter =  29500
training @ iter =  29600
training @ iter =  29700
training @ iter =  29800
training @ iter =  29900
iter  29999  validation
epoch 1, iter 30000, validation error 1.380000 %
epoch 1, iter 30000, train error 0.000000 %
training @ iter =  30000
training @ iter =  30100
training @ iter =  30200
training @ iter =  30300
training @ iter =  30400
training @ iter =  30500
training @ iter =  30600
training @ iter =  30700
training @ iter =  30800
training @ iter =  30900
training @ iter =  31000
training @ iter =  31100
training @ iter =  31200
training @ iter =  31300
training @ iter =  31400
training @ iter =  31500
training @ iter =  31600
training @ iter =  31700
training @ iter =  31800
training @ iter =  31900
iter  31999  validation
epoch 1, iter 32000, validation error 6.240000 %
epoch 1, iter 32000, train error 0.000000 %
training @ iter =  32000
training @ iter =  32100
training @ iter =  32200
training @ iter =  32300
training @ iter =  32400
training @ iter =  32500
training @ iter =  32600
training @ iter =  32700
training @ iter =  32800
training @ iter =  32900
training @ iter =  33000
training @ iter =  33100
training @ iter =  33200
training @ iter =  33300
training @ iter =  33400
training @ iter =  33500
training @ iter =  33600
training @ iter =  33700
training @ iter =  33800
training @ iter =  33900
iter  33999  validation
epoch 1, iter 34000, validation error 1.580000 %
epoch 1, iter 34000, train error 0.000000 %
training @ iter =  34000
training @ iter =  34100
training @ iter =  34200
training @ iter =  34300
training @ iter =  34400
training @ iter =  34500
training @ iter =  34600
training @ iter =  34700
training @ iter =  34800
training @ iter =  34900
training @ iter =  35000
training @ iter =  35100
training @ iter =  35200
training @ iter =  35300
training @ iter =  35400
training @ iter =  35500
training @ iter =  35600
training @ iter =  35700
training @ iter =  35800
training @ iter =  35900
iter  35999  validation
epoch 1, iter 36000, validation error 1.380000 %
epoch 1, iter 36000, train error 0.000000 %
training @ iter =  36000
training @ iter =  36100
training @ iter =  36200
training @ iter =  36300
training @ iter =  36400
training @ iter =  36500
training @ iter =  36600
training @ iter =  36700
training @ iter =  36800
training @ iter =  36900
training @ iter =  37000
training @ iter =  37100
training @ iter =  37200
training @ iter =  37300
training @ iter =  37400
training @ iter =  37500
training @ iter =  37600
training @ iter =  37700
training @ iter =  37800
training @ iter =  37900
iter  37999  validation
epoch 1, iter 38000, validation error 1.140000 %
epoch 1, iter 38000, train error 0.000000 %
patience =  75998 0.999 75998
FPR, FNR =  0.0146370486356 0.00813103452325
training @ iter =  38000
training @ iter =  38100
training @ iter =  38200
training @ iter =  38300
training @ iter =  38400
--> train error =  0.12
-->  9 300 chunk_19_50000.pkl
training @ iter =  38500
training @ iter =  38600
training @ iter =  38700
training @ iter =  38800
training @ iter =  38900
training @ iter =  39000
training @ iter =  39100
training @ iter =  39200
training @ iter =  39300
training @ iter =  39400
training @ iter =  39500
training @ iter =  39600
training @ iter =  39700
training @ iter =  39800
training @ iter =  39900
iter  39999  validation
epoch 1, iter 40000, validation error 1.490000 %
epoch 1, iter 40000, train error 0.000000 %
training @ iter =  40000
training @ iter =  40100
training @ iter =  40200
training @ iter =  40300
training @ iter =  40400
training @ iter =  40500
training @ iter =  40600
training @ iter =  40700
training @ iter =  40800
training @ iter =  40900
training @ iter =  41000
training @ iter =  41100
training @ iter =  41200
training @ iter =  41300
training @ iter =  41400
training @ iter =  41500
training @ iter =  41600
training @ iter =  41700
training @ iter =  41800
training @ iter =  41900
iter  41999  validation
epoch 1, iter 42000, validation error 6.210000 %
epoch 1, iter 42000, train error 0.000000 %
training @ iter =  42000
training @ iter =  42100
training @ iter =  42200
training @ iter =  42300
training @ iter =  42400
training @ iter =  42500
training @ iter =  42600
training @ iter =  42700
training @ iter =  42800
training @ iter =  42900
training @ iter =  43000
training @ iter =  43100
training @ iter =  43200
training @ iter =  43300
training @ iter =  43400
training @ iter =  43500
training @ iter =  43600
training @ iter =  43700
training @ iter =  43800
training @ iter =  43900
iter  43999  validation
epoch 1, iter 44000, validation error 1.620000 %
epoch 1, iter 44000, train error 0.000000 %
training @ iter =  44000
training @ iter =  44100
training @ iter =  44200
training @ iter =  44300
training @ iter =  44400
training @ iter =  44500
training @ iter =  44600
training @ iter =  44700
training @ iter =  44800
training @ iter =  44900
training @ iter =  45000
training @ iter =  45100
training @ iter =  45200
training @ iter =  45300
training @ iter =  45400
training @ iter =  45500
training @ iter =  45600
training @ iter =  45700
training @ iter =  45800
training @ iter =  45900
iter  45999  validation
epoch 1, iter 46000, validation error 1.750000 %
epoch 1, iter 46000, train error 0.000000 %
training @ iter =  46000
training @ iter =  46100
training @ iter =  46200
training @ iter =  46300
training @ iter =  46400
training @ iter =  46500
training @ iter =  46600
training @ iter =  46700
training @ iter =  46800
training @ iter =  46900
training @ iter =  47000
training @ iter =  47100
training @ iter =  47200
training @ iter =  47300
training @ iter =  47400
training @ iter =  47500
training @ iter =  47600
training @ iter =  47700
training @ iter =  47800
training @ iter =  47900
iter  47999  validation
epoch 1, iter 48000, validation error 1.150000 %
epoch 1, iter 48000, train error 0.000000 %
training @ iter =  48000
training @ iter =  48100
training @ iter =  48200
training @ iter =  48300
training @ iter =  48400
training @ iter =  48500
training @ iter =  48600
training @ iter =  48700
training @ iter =  48800
training @ iter =  48900
training @ iter =  49000
training @ iter =  49100
training @ iter =  49200
training @ iter =  49300
training @ iter =  49400
training @ iter =  49500
training @ iter =  49600
training @ iter =  49700
training @ iter =  49800
training @ iter =  49900
iter  49999  validation
epoch 1, iter 50000, validation error 1.430000 %
epoch 1, iter 50000, train error 0.000000 %
training @ iter =  50000
training @ iter =  50100
training @ iter =  50200
training @ iter =  50300
training @ iter =  50400
training @ iter =  50500
training @ iter =  50600
training @ iter =  50700
training @ iter =  50800
training @ iter =  50900
--> train error =  0.12
-->  9 300 chunk_19_50000.pkl
training @ iter =  51000
training @ iter =  51100
training @ iter =  51200
training @ iter =  51300
training @ iter =  51400
training @ iter =  51500
training @ iter =  51600
training @ iter =  51700
training @ iter =  51800
training @ iter =  51900
iter  51999  validation
epoch 1, iter 52000, validation error 5.520000 %
epoch 1, iter 52000, train error 0.000000 %
training @ iter =  52000
training @ iter =  52100
training @ iter =  52200
training @ iter =  52300
training @ iter =  52400
training @ iter =  52500
training @ iter =  52600
training @ iter =  52700
training @ iter =  52800
training @ iter =  52900
training @ iter =  53000
training @ iter =  53100
training @ iter =  53200
training @ iter =  53300
training @ iter =  53400
training @ iter =  53500
training @ iter =  53600
training @ iter =  53700
training @ iter =  53800
training @ iter =  53900
iter  53999  validation
epoch 1, iter 54000, validation error 1.540000 %
epoch 1, iter 54000, train error 0.000000 %
training @ iter =  54000
training @ iter =  54100
training @ iter =  54200
training @ iter =  54300
training @ iter =  54400
training @ iter =  54500
training @ iter =  54600
training @ iter =  54700
training @ iter =  54800
training @ iter =  54900
training @ iter =  55000
training @ iter =  55100
training @ iter =  55200
training @ iter =  55300
training @ iter =  55400
training @ iter =  55500
training @ iter =  55600
training @ iter =  55700
training @ iter =  55800
training @ iter =  55900
iter  55999  validation
epoch 1, iter 56000, validation error 1.450000 %
epoch 1, iter 56000, train error 0.000000 %
training @ iter =  56000
training @ iter =  56100
training @ iter =  56200
training @ iter =  56300
training @ iter =  56400
training @ iter =  56500
training @ iter =  56600
training @ iter =  56700
training @ iter =  56800
training @ iter =  56900
training @ iter =  57000
training @ iter =  57100
training @ iter =  57200
training @ iter =  57300
training @ iter =  57400
training @ iter =  57500
training @ iter =  57600
training @ iter =  57700
training @ iter =  57800
training @ iter =  57900
iter  57999  validation
epoch 1, iter 58000, validation error 1.210000 %
epoch 1, iter 58000, train error 0.000000 %
training @ iter =  58000
training @ iter =  58100
training @ iter =  58200
training @ iter =  58300
training @ iter =  58400
training @ iter =  58500
training @ iter =  58600
training @ iter =  58700
training @ iter =  58800
training @ iter =  58900
training @ iter =  59000
training @ iter =  59100
training @ iter =  59200
training @ iter =  59300
training @ iter =  59400
training @ iter =  59500
training @ iter =  59600
training @ iter =  59700
training @ iter =  59800
training @ iter =  59900
iter  59999  validation
epoch 1, iter 60000, validation error 1.670000 %
epoch 1, iter 60000, train error 0.000000 %
training @ iter =  60000
training @ iter =  60100
training @ iter =  60200
training @ iter =  60300
training @ iter =  60400
training @ iter =  60500
training @ iter =  60600
training @ iter =  60700
training @ iter =  60800
training @ iter =  60900
training @ iter =  61000
training @ iter =  61100
training @ iter =  61200
training @ iter =  61300
training @ iter =  61400
training @ iter =  61500
training @ iter =  61600
training @ iter =  61700
training @ iter =  61800
training @ iter =  61900
iter  61999  validation
epoch 1, iter 62000, validation error 5.140000 %
epoch 1, iter 62000, train error 0.000000 %
training @ iter =  62000
training @ iter =  62100
training @ iter =  62200
training @ iter =  62300
training @ iter =  62400
training @ iter =  62500
training @ iter =  62600
training @ iter =  62700
training @ iter =  62800
training @ iter =  62900
training @ iter =  63000
training @ iter =  63100
training @ iter =  63200
training @ iter =  63300
training @ iter =  63400
training @ iter =  63500
training @ iter =  63600
training @ iter =  63700
training @ iter =  63800
training @ iter =  63900
iter  63999  validation
epoch 1, iter 64000, validation error 1.450000 %
epoch 1, iter 64000, train error 0.000000 %
training @ iter =  64000
training @ iter =  64100
training @ iter =  64200
training @ iter =  64300
training @ iter =  64400
training @ iter =  64500
training @ iter =  64600
training @ iter =  64700
training @ iter =  64800
training @ iter =  64900
training @ iter =  65000
training @ iter =  65100
training @ iter =  65200
training @ iter =  65300
training @ iter =  65400
training @ iter =  65500
training @ iter =  65600
training @ iter =  65700
training @ iter =  65800
--> train error =  0.16
-->  8 50 chunk_18_50000.pkl
training @ iter =  65900
iter  65999  validation
epoch 1, iter 66000, validation error 1.330000 %
epoch 1, iter 66000, train error 0.000000 %
training @ iter =  66000
training @ iter =  66100
training @ iter =  66200
training @ iter =  66300
training @ iter =  66400
training @ iter =  66500
training @ iter =  66600
training @ iter =  66700
training @ iter =  66800
training @ iter =  66900
training @ iter =  67000
training @ iter =  67100
training @ iter =  67200
training @ iter =  67300
training @ iter =  67400
training @ iter =  67500
training @ iter =  67600
training @ iter =  67700
training @ iter =  67800
training @ iter =  67900
iter  67999  validation
epoch 1, iter 68000, validation error 1.120000 %
epoch 1, iter 68000, train error 0.000000 %
patience =  135998 0.999 135998
FPR, FNR =  0.0148862409778 0.00765804721043
training @ iter =  68000
training @ iter =  68100
training @ iter =  68200
training @ iter =  68300
training @ iter =  68400
training @ iter =  68500
training @ iter =  68600
training @ iter =  68700
training @ iter =  68800
training @ iter =  68900
training @ iter =  69000
training @ iter =  69100
training @ iter =  69200
training @ iter =  69300
training @ iter =  69400
training @ iter =  69500
training @ iter =  69600
training @ iter =  69700
training @ iter =  69800
training @ iter =  69900
iter  69999  validation
epoch 1, iter 70000, validation error 1.550000 %
epoch 1, iter 70000, train error 0.000000 %
training @ iter =  70000
training @ iter =  70100
training @ iter =  70200
training @ iter =  70300
training @ iter =  70400
training @ iter =  70500
training @ iter =  70600
training @ iter =  70700
training @ iter =  70800
training @ iter =  70900
training @ iter =  71000
training @ iter =  71100
training @ iter =  71200
training @ iter =  71300
training @ iter =  71400
training @ iter =  71500
training @ iter =  71600
training @ iter =  71700
training @ iter =  71800
training @ iter =  71900
iter  71999  validation
epoch 1, iter 72000, validation error 4.520000 %
epoch 1, iter 72000, train error 0.000000 %
training @ iter =  72000
training @ iter =  72100
training @ iter =  72200
training @ iter =  72300
training @ iter =  72400
training @ iter =  72500
training @ iter =  72600
training @ iter =  72700
training @ iter =  72800
training @ iter =  72900
training @ iter =  73000
training @ iter =  73100
training @ iter =  73200
training @ iter =  73300
training @ iter =  73400
training @ iter =  73500
training @ iter =  73600
training @ iter =  73700
training @ iter =  73800
training @ iter =  73900
iter  73999  validation
epoch 1, iter 74000, validation error 1.520000 %
epoch 1, iter 74000, train error 0.000000 %
training @ iter =  74000
training @ iter =  74100
training @ iter =  74200
training @ iter =  74300
training @ iter =  74400
training @ iter =  74500
training @ iter =  74600
training @ iter =  74700
training @ iter =  74800
training @ iter =  74900
training @ iter =  75000
training @ iter =  75100
training @ iter =  75200
training @ iter =  75300
training @ iter =  75400
training @ iter =  75500
training @ iter =  75600
training @ iter =  75700
training @ iter =  75800
training @ iter =  75900
iter  75999  validation
epoch 1, iter 76000, validation error 1.600000 %
epoch 1, iter 76000, train error 0.000000 %
training @ iter =  76000
training @ iter =  76100
training @ iter =  76200
training @ iter =  76300
training @ iter =  76400
training @ iter =  76500
training @ iter =  76600
training @ iter =  76700
training @ iter =  76800
training @ iter =  76900
training @ iter =  77000
training @ iter =  77100
training @ iter =  77200
training @ iter =  77300
training @ iter =  77400
training @ iter =  77500
training @ iter =  77600
training @ iter =  77700
training @ iter =  77800
training @ iter =  77900
iter  77999  validation
epoch 1, iter 78000, validation error 1.100000 %
epoch 1, iter 78000, train error 0.000000 %
patience =  155998 0.999 155998
FPR, FNR =  0.0152407060377 0.00675798024982
training @ iter =  78000
training @ iter =  78100
training @ iter =  78200
training @ iter =  78300
training @ iter =  78400
--> train error =  0.16
-->  9 300 chunk_19_50000.pkl
--> train error =  0.16
-->  9 1200 chunk_19_50000.pkl
training @ iter =  78500
training @ iter =  78600
training @ iter =  78700
training @ iter =  78800
training @ iter =  78900
training @ iter =  79000
training @ iter =  79100
training @ iter =  79200
training @ iter =  79300
training @ iter =  79400
training @ iter =  79500
training @ iter =  79600
training @ iter =  79700
training @ iter =  79800
training @ iter =  79900
iter  79999  validation
epoch 1, iter 80000, validation error 1.270000 %
epoch 1, iter 80000, train error 0.000000 %
training @ iter =  80000
training @ iter =  80100
training @ iter =  80200
training @ iter =  80300
training @ iter =  80400
training @ iter =  80500
training @ iter =  80600
training @ iter =  80700
training @ iter =  80800
training @ iter =  80900
training @ iter =  81000
training @ iter =  81100
training @ iter =  81200
training @ iter =  81300
training @ iter =  81400
training @ iter =  81500
training @ iter =  81600
training @ iter =  81700
training @ iter =  81800
training @ iter =  81900
iter  81999  validation
epoch 1, iter 82000, validation error 3.420000 %
epoch 1, iter 82000, train error 0.000000 %
training @ iter =  82000
training @ iter =  82100
training @ iter =  82200
training @ iter =  82300
training @ iter =  82400
training @ iter =  82500
training @ iter =  82600
training @ iter =  82700
training @ iter =  82800
training @ iter =  82900
training @ iter =  83000
training @ iter =  83100
training @ iter =  83200
training @ iter =  83300
training @ iter =  83400
training @ iter =  83500
training @ iter =  83600
training @ iter =  83700
training @ iter =  83800
training @ iter =  83900
iter  83999  validation
epoch 1, iter 84000, validation error 1.490000 %
epoch 1, iter 84000, train error 0.000000 %
training @ iter =  84000
training @ iter =  84100
training @ iter =  84200
training @ iter =  84300
training @ iter =  84400
training @ iter =  84500
training @ iter =  84600
training @ iter =  84700
training @ iter =  84800
training @ iter =  84900
training @ iter =  85000
training @ iter =  85100
training @ iter =  85200
training @ iter =  85300
training @ iter =  85400
training @ iter =  85500
training @ iter =  85600
training @ iter =  85700
training @ iter =  85800
training @ iter =  85900
iter  85999  validation
epoch 1, iter 86000, validation error 1.420000 %
epoch 1, iter 86000, train error 0.000000 %
training @ iter =  86000
training @ iter =  86100
training @ iter =  86200
training @ iter =  86300
training @ iter =  86400
training @ iter =  86500
training @ iter =  86600
training @ iter =  86700
training @ iter =  86800
training @ iter =  86900
training @ iter =  87000
training @ iter =  87100
training @ iter =  87200
training @ iter =  87300
training @ iter =  87400
training @ iter =  87500
training @ iter =  87600
training @ iter =  87700
training @ iter =  87800
training @ iter =  87900
iter  87999  validation
epoch 1, iter 88000, validation error 1.170000 %
epoch 1, iter 88000, train error 0.000000 %
training @ iter =  88000
training @ iter =  88100
training @ iter =  88200
training @ iter =  88300
training @ iter =  88400
training @ iter =  88500
training @ iter =  88600
training @ iter =  88700
training @ iter =  88800
training @ iter =  88900
training @ iter =  89000
training @ iter =  89100
training @ iter =  89200
training @ iter =  89300
training @ iter =  89400
training @ iter =  89500
training @ iter =  89600
training @ iter =  89700
training @ iter =  89800
training @ iter =  89900
iter  89999  validation
epoch 1, iter 90000, validation error 1.980000 %
epoch 1, iter 90000, train error 0.000000 %
training @ iter =  90000
training @ iter =  90100
training @ iter =  90200
training @ iter =  90300
training @ iter =  90400
training @ iter =  90500
training @ iter =  90600
training @ iter =  90700
training @ iter =  90800
training @ iter =  90900
training @ iter =  91000
training @ iter =  91100
training @ iter =  91200
training @ iter =  91300
training @ iter =  91400
training @ iter =  91500
training @ iter =  91600
training @ iter =  91700
training @ iter =  91800
training @ iter =  91900
iter  91999  validation
epoch 1, iter 92000, validation error 2.660000 %
epoch 1, iter 92000, train error 0.000000 %
training @ iter =  92000
training @ iter =  92100
training @ iter =  92200
training @ iter =  92300
training @ iter =  92400
training @ iter =  92500
training @ iter =  92600
training @ iter =  92700
training @ iter =  92800
training @ iter =  92900
training @ iter =  93000
training @ iter =  93100
training @ iter =  93200
training @ iter =  93300
training @ iter =  93400
training @ iter =  93500
training @ iter =  93600
training @ iter =  93700
training @ iter =  93800
training @ iter =  93900
iter  93999  validation
epoch 1, iter 94000, validation error 1.760000 %
epoch 1, iter 94000, train error 0.000000 %
training @ iter =  94000
training @ iter =  94100
training @ iter =  94200
training @ iter =  94300
training @ iter =  94400
training @ iter =  94500
training @ iter =  94600
training @ iter =  94700
training @ iter =  94800
training @ iter =  94900
training @ iter =  95000
training @ iter =  95100
training @ iter =  95200
training @ iter =  95300
training @ iter =  95400
training @ iter =  95500
training @ iter =  95600
training @ iter =  95700
training @ iter =  95800
training @ iter =  95900
iter  95999  validation
epoch 1, iter 96000, validation error 1.310000 %
epoch 1, iter 96000, train error 0.000000 %
training @ iter =  96000
training @ iter =  96100
training @ iter =  96200
training @ iter =  96300
training @ iter =  96400
training @ iter =  96500
training @ iter =  96600
training @ iter =  96700
training @ iter =  96800
training @ iter =  96900
training @ iter =  97000
training @ iter =  97100
training @ iter =  97200
training @ iter =  97300
training @ iter =  97400
training @ iter =  97500
training @ iter =  97600
training @ iter =  97700
training @ iter =  97800
training @ iter =  97900
iter  97999  validation
epoch 1, iter 98000, validation error 1.420000 %
epoch 1, iter 98000, train error 0.000000 %
training @ iter =  98000
training @ iter =  98100
training @ iter =  98200
training @ iter =  98300
training @ iter =  98400
training @ iter =  98500
training @ iter =  98600
training @ iter =  98700
training @ iter =  98800
training @ iter =  98900
training @ iter =  99000
training @ iter =  99100
training @ iter =  99200
training @ iter =  99300
training @ iter =  99400
training @ iter =  99500
training @ iter =  99600
training @ iter =  99700
training @ iter =  99800
training @ iter =  99900
iter  99999  validation
epoch 1, iter 100000, validation error 1.400000 %
epoch 1, iter 100000, train error 0.000000 %
training @ iter =  100000
training @ iter =  100100
training @ iter =  100200
training @ iter =  100300
training @ iter =  100400
training @ iter =  100500
training @ iter =  100600
training @ iter =  100700
training @ iter =  100800
training @ iter =  100900
training @ iter =  101000
training @ iter =  101100
training @ iter =  101200
training @ iter =  101300
training @ iter =  101400
training @ iter =  101500
training @ iter =  101600
training @ iter =  101700
training @ iter =  101800
training @ iter =  101900
iter  101999  validation
epoch 1, iter 102000, validation error 4.040000 %
epoch 1, iter 102000, train error 0.000000 %
training @ iter =  102000
training @ iter =  102100
training @ iter =  102200
training @ iter =  102300
training @ iter =  102400
training @ iter =  102500
training @ iter =  102600
training @ iter =  102700
training @ iter =  102800
training @ iter =  102900
training @ iter =  103000
training @ iter =  103100
training @ iter =  103200
training @ iter =  103300
training @ iter =  103400
training @ iter =  103500
training @ iter =  103600
training @ iter =  103700
training @ iter =  103800
training @ iter =  103900
iter  103999  validation
epoch 1, iter 104000, validation error 1.360000 %
epoch 1, iter 104000, train error 0.000000 %
training @ iter =  104000
training @ iter =  104100
training @ iter =  104200
training @ iter =  104300
training @ iter =  104400
training @ iter =  104500
training @ iter =  104600
--> train error =  0.16
-->  21 1750 chunk_6_50000.pkl
--> train error =  0.18
-->  21 1800 chunk_6_50000.pkl
training @ iter =  104700
training @ iter =  104800
training @ iter =  104900
training @ iter =  105000
training @ iter =  105100
training @ iter =  105200
training @ iter =  105300
training @ iter =  105400
training @ iter =  105500
training @ iter =  105600
training @ iter =  105700
training @ iter =  105800
training @ iter =  105900
iter  105999  validation
epoch 1, iter 106000, validation error 1.370000 %
epoch 1, iter 106000, train error 0.000000 %
training @ iter =  106000
training @ iter =  106100
training @ iter =  106200
training @ iter =  106300
training @ iter =  106400
training @ iter =  106500
training @ iter =  106600
training @ iter =  106700
training @ iter =  106800
training @ iter =  106900
training @ iter =  107000
training @ iter =  107100
training @ iter =  107200
training @ iter =  107300
training @ iter =  107400
training @ iter =  107500
training @ iter =  107600
training @ iter =  107700
training @ iter =  107800
training @ iter =  107900
iter  107999  validation
epoch 1, iter 108000, validation error 1.460000 %
epoch 1, iter 108000, train error 0.000000 %
training @ iter =  108000
training @ iter =  108100
training @ iter =  108200
training @ iter =  108300
training @ iter =  108400
--> train error =  0.14
-->  9 0 chunk_19_50000.pkl
training @ iter =  108500
training @ iter =  108600
training @ iter =  108700
training @ iter =  108800
training @ iter =  108900
training @ iter =  109000
training @ iter =  109100
training @ iter =  109200
training @ iter =  109300
training @ iter =  109400
training @ iter =  109500
training @ iter =  109600
training @ iter =  109700
training @ iter =  109800
training @ iter =  109900
iter  109999  validation
epoch 1, iter 110000, validation error 1.960000 %
epoch 1, iter 110000, train error 0.000000 %
training @ iter =  110000
training @ iter =  110100
training @ iter =  110200
training @ iter =  110300
training @ iter =  110400
training @ iter =  110500
training @ iter =  110600
training @ iter =  110700
training @ iter =  110800
training @ iter =  110900
training @ iter =  111000
training @ iter =  111100
training @ iter =  111200
training @ iter =  111300
training @ iter =  111400
training @ iter =  111500
training @ iter =  111600
training @ iter =  111700
training @ iter =  111800
training @ iter =  111900
--> train error =  0.12
-->  19 2250 chunk_4_50000.pkl
iter  111999  validation
epoch 1, iter 112000, validation error 5.420000 %
epoch 1, iter 112000, train error 0.000000 %
training @ iter =  112000
training @ iter =  112100
training @ iter =  112200
training @ iter =  112300
training @ iter =  112400
training @ iter =  112500
training @ iter =  112600
training @ iter =  112700
training @ iter =  112800
training @ iter =  112900
training @ iter =  113000
training @ iter =  113100
training @ iter =  113200
training @ iter =  113300
training @ iter =  113400
training @ iter =  113500
training @ iter =  113600
training @ iter =  113700
training @ iter =  113800
training @ iter =  113900
iter  113999  validation
epoch 1, iter 114000, validation error 1.800000 %
epoch 1, iter 114000, train error 0.000000 %
training @ iter =  114000
training @ iter =  114100
training @ iter =  114200
training @ iter =  114300
training @ iter =  114400
training @ iter =  114500
training @ iter =  114600
training @ iter =  114700
training @ iter =  114800
training @ iter =  114900
training @ iter =  115000
training @ iter =  115100
training @ iter =  115200
training @ iter =  115300
training @ iter =  115400
training @ iter =  115500
training @ iter =  115600
training @ iter =  115700
training @ iter =  115800
training @ iter =  115900
iter  115999  validation
epoch 1, iter 116000, validation error 1.360000 %
epoch 1, iter 116000, train error 0.000000 %
training @ iter =  116000
training @ iter =  116100
training @ iter =  116200
training @ iter =  116300
training @ iter =  116400
training @ iter =  116500
training @ iter =  116600
training @ iter =  116700
training @ iter =  116800
training @ iter =  116900
training @ iter =  117000
training @ iter =  117100
training @ iter =  117200
training @ iter =  117300
training @ iter =  117400
training @ iter =  117500
training @ iter =  117600
training @ iter =  117700
training @ iter =  117800
training @ iter =  117900
iter  117999  validation
epoch 1, iter 118000, validation error 1.280000 %
epoch 1, iter 118000, train error 0.000000 %
training @ iter =  118000
training @ iter =  118100
training @ iter =  118200
training @ iter =  118300
training @ iter =  118400
training @ iter =  118500
training @ iter =  118600
training @ iter =  118700
training @ iter =  118800
training @ iter =  118900
training @ iter =  119000
training @ iter =  119100
training @ iter =  119200
training @ iter =  119300
training @ iter =  119400
training @ iter =  119500
training @ iter =  119600
training @ iter =  119700
training @ iter =  119800
training @ iter =  119900
iter  119999  validation
epoch 1, iter 120000, validation error 1.300000 %
epoch 1, iter 120000, train error 0.000000 %
training @ iter =  120000
training @ iter =  120100
training @ iter =  120200
training @ iter =  120300
training @ iter =  120400
training @ iter =  120500
training @ iter =  120600
training @ iter =  120700
training @ iter =  120800
training @ iter =  120900
training @ iter =  121000
training @ iter =  121100
training @ iter =  121200
training @ iter =  121300
training @ iter =  121400
training @ iter =  121500
training @ iter =  121600
training @ iter =  121700
training @ iter =  121800
training @ iter =  121900
iter  121999  validation
epoch 1, iter 122000, validation error 3.190000 %
epoch 1, iter 122000, train error 0.000000 %
training @ iter =  122000
training @ iter =  122100
training @ iter =  122200
training @ iter =  122300
training @ iter =  122400
training @ iter =  122500
training @ iter =  122600
training @ iter =  122700
training @ iter =  122800
training @ iter =  122900
training @ iter =  123000
training @ iter =  123100
training @ iter =  123200
training @ iter =  123300
training @ iter =  123400
training @ iter =  123500
training @ iter =  123600
training @ iter =  123700
training @ iter =  123800
training @ iter =  123900
iter  123999  validation
epoch 1, iter 124000, validation error 1.760000 %
epoch 1, iter 124000, train error 0.000000 %
training @ iter =  124000
training @ iter =  124100
training @ iter =  124200
training @ iter =  124300
training @ iter =  124400
training @ iter =  124500
training @ iter =  124600
training @ iter =  124700
training @ iter =  124800
training @ iter =  124900
training @ iter =  125000
training @ iter =  125100
training @ iter =  125200
training @ iter =  125300
training @ iter =  125400
training @ iter =  125500
training @ iter =  125600
training @ iter =  125700
training @ iter =  125800
training @ iter =  125900
iter  125999  validation
epoch 1, iter 126000, validation error 1.330000 %
epoch 1, iter 126000, train error 0.000000 %
training @ iter =  126000
training @ iter =  126100
training @ iter =  126200
training @ iter =  126300
training @ iter =  126400
training @ iter =  126500
training @ iter =  126600
training @ iter =  126700
training @ iter =  126800
training @ iter =  126900
training @ iter =  127000
training @ iter =  127100
training @ iter =  127200
training @ iter =  127300
training @ iter =  127400
training @ iter =  127500
training @ iter =  127600
training @ iter =  127700
training @ iter =  127800
training @ iter =  127900
iter  127999  validation
epoch 1, iter 128000, validation error 1.300000 %
epoch 1, iter 128000, train error 0.000000 %
training @ iter =  128000
training @ iter =  128100
training @ iter =  128200
training @ iter =  128300
training @ iter =  128400
training @ iter =  128500
training @ iter =  128600
training @ iter =  128700
training @ iter =  128800
training @ iter =  128900
training @ iter =  129000
training @ iter =  129100
training @ iter =  129200
training @ iter =  129300
training @ iter =  129400
training @ iter =  129500
training @ iter =  129600
training @ iter =  129700
training @ iter =  129800
training @ iter =  129900
iter  129999  validation
epoch 1, iter 130000, validation error 1.350000 %
epoch 1, iter 130000, train error 0.000000 %
training @ iter =  130000
training @ iter =  130100
training @ iter =  130200
training @ iter =  130300
training @ iter =  130400
training @ iter =  130500
training @ iter =  130600
training @ iter =  130700
training @ iter =  130800
training @ iter =  130900
training @ iter =  131000
training @ iter =  131100
training @ iter =  131200
training @ iter =  131300
training @ iter =  131400
training @ iter =  131500
training @ iter =  131600
training @ iter =  131700
training @ iter =  131800
training @ iter =  131900
iter  131999  validation
epoch 1, iter 132000, validation error 4.180000 %
epoch 1, iter 132000, train error 0.000000 %
training @ iter =  132000
training @ iter =  132100
training @ iter =  132200
training @ iter =  132300
training @ iter =  132400
training @ iter =  132500
training @ iter =  132600
training @ iter =  132700
training @ iter =  132800
training @ iter =  132900
training @ iter =  133000
training @ iter =  133100
training @ iter =  133200
training @ iter =  133300
training @ iter =  133400
training @ iter =  133500
training @ iter =  133600
training @ iter =  133700
training @ iter =  133800
training @ iter =  133900
iter  133999  validation
epoch 1, iter 134000, validation error 1.370000 %
epoch 1, iter 134000, train error 0.000000 %
training @ iter =  134000
training @ iter =  134100
training @ iter =  134200
training @ iter =  134300
training @ iter =  134400
training @ iter =  134500
training @ iter =  134600
training @ iter =  134700
training @ iter =  134800
training @ iter =  134900
training @ iter =  135000
training @ iter =  135100
training @ iter =  135200
training @ iter =  135300
training @ iter =  135400
training @ iter =  135500
training @ iter =  135600
training @ iter =  135700
training @ iter =  135800
training @ iter =  135900
iter  135999  validation
epoch 1, iter 136000, validation error 1.480000 %
epoch 1, iter 136000, train error 0.000000 %
training @ iter =  136000
training @ iter =  136100
training @ iter =  136200
training @ iter =  136300
training @ iter =  136400
training @ iter =  136500
training @ iter =  136600
training @ iter =  136700
training @ iter =  136800
training @ iter =  136900
training @ iter =  137000
training @ iter =  137100
training @ iter =  137200
training @ iter =  137300
training @ iter =  137400
training @ iter =  137500
training @ iter =  137600
training @ iter =  137700
training @ iter =  137800
training @ iter =  137900
iter  137999  validation
epoch 1, iter 138000, validation error 1.450000 %
epoch 1, iter 138000, train error 0.000000 %
training @ iter =  138000
training @ iter =  138100
training @ iter =  138200
training @ iter =  138300
training @ iter =  138400
training @ iter =  138500
training @ iter =  138600
training @ iter =  138700
training @ iter =  138800
training @ iter =  138900
training @ iter =  139000
training @ iter =  139100
training @ iter =  139200
training @ iter =  139300
training @ iter =  139400
training @ iter =  139500
training @ iter =  139600
training @ iter =  139700
training @ iter =  139800
training @ iter =  139900
iter  139999  validation
epoch 1, iter 140000, validation error 1.270000 %
epoch 1, iter 140000, train error 0.000000 %
training @ iter =  140000
training @ iter =  140100
training @ iter =  140200
training @ iter =  140300
training @ iter =  140400
training @ iter =  140500
training @ iter =  140600
training @ iter =  140700
training @ iter =  140800
training @ iter =  140900
training @ iter =  141000
training @ iter =  141100
training @ iter =  141200
training @ iter =  141300
training @ iter =  141400
training @ iter =  141500
training @ iter =  141600
training @ iter =  141700
training @ iter =  141800
training @ iter =  141900
iter  141999  validation
epoch 1, iter 142000, validation error 1.850000 %
epoch 1, iter 142000, train error 0.000000 %
training @ iter =  142000
training @ iter =  142100
training @ iter =  142200
training @ iter =  142300
training @ iter =  142400
training @ iter =  142500
training @ iter =  142600
training @ iter =  142700
training @ iter =  142800
training @ iter =  142900
training @ iter =  143000
training @ iter =  143100
training @ iter =  143200
training @ iter =  143300
training @ iter =  143400
training @ iter =  143500
training @ iter =  143600
training @ iter =  143700
training @ iter =  143800
training @ iter =  143900
iter  143999  validation
epoch 1, iter 144000, validation error 1.570000 %
epoch 1, iter 144000, train error 0.000000 %
training @ iter =  144000
training @ iter =  144100
training @ iter =  144200
training @ iter =  144300
training @ iter =  144400
training @ iter =  144500
training @ iter =  144600
training @ iter =  144700
training @ iter =  144800
training @ iter =  144900
training @ iter =  145000
training @ iter =  145100
training @ iter =  145200
training @ iter =  145300
training @ iter =  145400
training @ iter =  145500
training @ iter =  145600
training @ iter =  145700
training @ iter =  145800
training @ iter =  145900
iter  145999  validation
epoch 1, iter 146000, validation error 1.300000 %
epoch 1, iter 146000, train error 0.000000 %
training @ iter =  146000
training @ iter =  146100
training @ iter =  146200
training @ iter =  146300
training @ iter =  146400
training @ iter =  146500
training @ iter =  146600
training @ iter =  146700
training @ iter =  146800
training @ iter =  146900
training @ iter =  147000
training @ iter =  147100
training @ iter =  147200
training @ iter =  147300
training @ iter =  147400
training @ iter =  147500
training @ iter =  147600
training @ iter =  147700
training @ iter =  147800
training @ iter =  147900
iter  147999  validation
epoch 1, iter 148000, validation error 1.510000 %
epoch 1, iter 148000, train error 0.000000 %
training @ iter =  148000
training @ iter =  148100
training @ iter =  148200
training @ iter =  148300
training @ iter =  148400
training @ iter =  148500
training @ iter =  148600
training @ iter =  148700
training @ iter =  148800
training @ iter =  148900
training @ iter =  149000
training @ iter =  149100
training @ iter =  149200
training @ iter =  149300
training @ iter =  149400
training @ iter =  149500
training @ iter =  149600
training @ iter =  149700
training @ iter =  149800
training @ iter =  149900
iter  149999  validation
epoch 1, iter 150000, validation error 1.390000 %
epoch 1, iter 150000, train error 0.000000 %
training @ iter =  150000
training @ iter =  150100
training @ iter =  150200
training @ iter =  150300
training @ iter =  150400
training @ iter =  150500
training @ iter =  150600
training @ iter =  150700
training @ iter =  150800
training @ iter =  150900
training @ iter =  151000
training @ iter =  151100
training @ iter =  151200
training @ iter =  151300
training @ iter =  151400
training @ iter =  151500
training @ iter =  151600
training @ iter =  151700
training @ iter =  151800
training @ iter =  151900
iter  151999  validation
epoch 1, iter 152000, validation error 2.550000 %
epoch 1, iter 152000, train error 0.000000 %
training @ iter =  152000
training @ iter =  152100
training @ iter =  152200
training @ iter =  152300
training @ iter =  152400
training @ iter =  152500
training @ iter =  152600
training @ iter =  152700
training @ iter =  152800
training @ iter =  152900
training @ iter =  153000
training @ iter =  153100
training @ iter =  153200
training @ iter =  153300
training @ iter =  153400
training @ iter =  153500
training @ iter =  153600
training @ iter =  153700
training @ iter =  153800
training @ iter =  153900
iter  153999  validation
epoch 1, iter 154000, validation error 1.480000 %
epoch 1, iter 154000, train error 0.000000 %
training @ iter =  154000
training @ iter =  154100
training @ iter =  154200
training @ iter =  154300
training @ iter =  154400
training @ iter =  154500
training @ iter =  154600
training @ iter =  154700
training @ iter =  154800
training @ iter =  154900
training @ iter =  155000
training @ iter =  155100
training @ iter =  155200
training @ iter =  155300
training @ iter =  155400
training @ iter =  155500
training @ iter =  155600
--> train error =  0.28
-->  6 1900 chunk_16_50000.pkl
training @ iter =  155700
training @ iter =  155800
training @ iter =  155900
patience <= iter 155998 155998
Optimization complete.
batch_size =  50
test set =  100000
test_pred: [[  9.99997854e-01   2.12447821e-06]
 [  3.34044989e-06   9.99996662e-01]
 [  3.75335483e-04   9.99624610e-01]
 ..., 
 [  6.33061381e-06   9.99993682e-01]
 [  1.48501313e-05   9.99985099e-01]
 [  2.46583136e-06   9.99997497e-01]]
Best validation score of 1.100000 % obtained at iteration 78000, with test performance 1.470000 %
